[    0.000000] Initializing cgroup subsys cpuset
[    0.000000] Initializing cgroup subsys cpu
[    0.000000] Initializing cgroup subsys cpuacct
[    0.000000] Linux version 4.4.0-193-generic (buildd@lgw01-amd64-024) (gcc version 5.4.0 20160609 (Ubuntu 5.4.0-6ubuntu1~16.04.12) ) #224-Ubuntu SMP Tue Oct 6 17:15:28 UTC 2020 (Ubuntu 4.4.0-193.224-generic 4.4.236)
[    0.000000] Command line: BOOT_IMAGE=/boot/vmlinuz-4.4.0-193-generic root=LABEL=cloudimg-rootfs ro console=tty1 console=ttyS0
[    0.000000] KERNEL supported cpus:
[    0.000000]   Intel GenuineIntel
[    0.000000]   AMD AuthenticAMD
[    0.000000]   Centaur CentaurHauls
[    0.000000] x86/fpu: xstate_offset[2]:  576, xstate_sizes[2]:  256
[    0.000000] x86/fpu: Supporting XSAVE feature 0x01: 'x87 floating point registers'
[    0.000000] x86/fpu: Supporting XSAVE feature 0x02: 'SSE registers'
[    0.000000] x86/fpu: Supporting XSAVE feature 0x04: 'AVX registers'
[    0.000000] x86/fpu: Enabled xstate features 0x7, context size is 832 bytes, using 'standard' format.
[    0.000000] e820: BIOS-provided physical RAM map:
[    0.000000] BIOS-e820: [mem 0x0000000000000000-0x000000000009fbff] usable
[    0.000000] BIOS-e820: [mem 0x000000000009fc00-0x000000000009ffff] reserved
[    0.000000] BIOS-e820: [mem 0x00000000000f0000-0x00000000000fffff] reserved
[    0.000000] BIOS-e820: [mem 0x0000000000100000-0x000000001ffeffff] usable
[    0.000000] BIOS-e820: [mem 0x000000001fff0000-0x000000001fffffff] ACPI data
[    0.000000] BIOS-e820: [mem 0x00000000fec00000-0x00000000fec00fff] reserved
[    0.000000] BIOS-e820: [mem 0x00000000fee00000-0x00000000fee00fff] reserved
[    0.000000] BIOS-e820: [mem 0x00000000fffc0000-0x00000000ffffffff] reserved
[    0.000000] NX (Execute Disable) protection: active
[    0.000000] SMBIOS 2.5 present.
[    0.000000] Hypervisor detected: KVM
[    0.000000] e820: last_pfn = 0x1fff0 max_arch_pfn = 0x400000000
[    0.000000] MTRR: Disabled
[    0.000000] x86/PAT: MTRRs disabled, skipping PAT initialization too.
[    0.000000] CPU MTRRs all blank - virtualized system.
[    0.000000] x86/PAT: Configuration [0-7]: WB  WT  UC- UC  WB  WT  UC- UC  
[    0.000000] found SMP MP-table at [mem 0x0009fff0-0x0009ffff] mapped at [ffff88000009fff0]
[    0.000000] Scanning 1 areas for low memory corruption
[    0.000000] RAMDISK: [mem 0x1e8cc000-0x1f754fff]
[    0.000000] ACPI: Early table checksum verification disabled
[    0.000000] ACPI: RSDP 0x00000000000E0000 000024 (v02 VBOX  )
[    0.000000] ACPI: XSDT 0x000000001FFF0030 00003C (v01 VBOX   VBOXXSDT 00000001 ASL  00000061)
[    0.000000] ACPI: FACP 0x000000001FFF00F0 0000F4 (v04 VBOX   VBOXFACP 00000001 ASL  00000061)
[    0.000000] ACPI: DSDT 0x000000001FFF0470 002325 (v02 VBOX   VBOXBIOS 00000002 INTL 20190509)
[    0.000000] ACPI: FACS 0x000000001FFF0200 000040
[    0.000000] ACPI: FACS 0x000000001FFF0200 000040
[    0.000000] ACPI: APIC 0x000000001FFF0240 00005C (v02 VBOX   VBOXAPIC 00000001 ASL  00000061)
[    0.000000] ACPI: SSDT 0x000000001FFF02A0 0001CC (v01 VBOX   VBOXCPUT 00000002 INTL 20190509)
[    0.000000] No NUMA configuration found
[    0.000000] Faking a node at [mem 0x0000000000000000-0x000000001ffeffff]
[    0.000000] NODE_DATA(0) allocated [mem 0x1ffeb000-0x1ffeffff]
[    0.000000] kvm-clock: Using msrs 4b564d01 and 4b564d00
[    0.000000] kvm-clock: cpu 0, msr 0:1ffe3001, primary cpu clock
[    0.000000] kvm-clock: using sched offset of 3436800195 cycles
[    0.000000] clocksource: kvm-clock: mask: 0xffffffffffffffff max_cycles: 0x1cd42e4dffb, max_idle_ns: 881590591483 ns
[    0.000000] Zone ranges:
[    0.000000]   DMA      [mem 0x0000000000001000-0x0000000000ffffff]
[    0.000000]   DMA32    [mem 0x0000000001000000-0x000000001ffeffff]
[    0.000000]   Normal   empty
[    0.000000]   Device   empty
[    0.000000] Movable zone start for each node
[    0.000000] Early memory node ranges
[    0.000000]   node   0: [mem 0x0000000000001000-0x000000000009efff]
[    0.000000]   node   0: [mem 0x0000000000100000-0x000000001ffeffff]
[    0.000000] Initmem setup node 0 [mem 0x0000000000001000-0x000000001ffeffff]
[    0.000000] ACPI: PM-Timer IO Port: 0x4008
[    0.000000] IOAPIC[0]: apic_id 2, version 32, address 0xfec00000, GSI 0-23
[    0.000000] ACPI: INT_SRC_OVR (bus 0 bus_irq 0 global_irq 2 dfl dfl)
[    0.000000] ACPI: INT_SRC_OVR (bus 0 bus_irq 9 global_irq 9 low level)
[    0.000000] Using ACPI (MADT) for SMP configuration information
[    0.000000] smpboot: Allowing 2 CPUs, 0 hotplug CPUs
[    0.000000] PM: Registered nosave memory: [mem 0x00000000-0x00000fff]
[    0.000000] PM: Registered nosave memory: [mem 0x0009f000-0x0009ffff]
[    0.000000] PM: Registered nosave memory: [mem 0x000a0000-0x000effff]
[    0.000000] PM: Registered nosave memory: [mem 0x000f0000-0x000fffff]
[    0.000000] e820: [mem 0x20000000-0xfebfffff] available for PCI devices
[    0.000000] Booting paravirtualized kernel on KVM
[    0.000000] clocksource: refined-jiffies: mask: 0xffffffff max_cycles: 0xffffffff, max_idle_ns: 7645519600211568 ns
[    0.000000] setup_percpu: NR_CPUS:512 nr_cpumask_bits:512 nr_cpu_ids:2 nr_node_ids:1
[    0.000000] PERCPU: Embedded 33 pages/cpu @ffff88001fc00000 s95512 r8192 d31464 u1048576
[    0.000000] Built 1 zonelists in Node order, mobility grouping on.  Total pages: 128888
[    0.000000] Policy zone: DMA32
[    0.000000] Kernel command line: BOOT_IMAGE=/boot/vmlinuz-4.4.0-193-generic root=LABEL=cloudimg-rootfs ro console=tty1 console=ttyS0
[    0.000000] PID hash table entries: 2048 (order: 2, 16384 bytes)
[    0.000000] Memory: 481580K/523832K available (8640K kernel code, 1337K rwdata, 4040K rodata, 1492K init, 1296K bss, 42252K reserved, 0K cma-reserved)
[    0.000000] SLUB: HWalign=64, Order=0-3, MinObjects=0, CPUs=2, Nodes=1
[    0.000000] Kernel/User page tables isolation: enabled
[    0.000000] Hierarchical RCU implementation.
[    0.000000] 	Build-time adjustment of leaf fanout to 64.
[    0.000000] 	RCU restricting CPUs from NR_CPUS=512 to nr_cpu_ids=2.
[    0.000000] RCU: Adjusting geometry for rcu_fanout_leaf=64, nr_cpu_ids=2
[    0.000000] NR_IRQS:33024 nr_irqs:440 16
[    0.000000] Console: colour VGA+ 80x25
[    0.000000] console [tty1] enabled
[    0.000000] console [ttyS0] enabled
[    0.000000] tsc: Detected 2394.456 MHz processor
[    0.154066] Calibrating delay loop (skipped) preset value.. 4788.91 BogoMIPS (lpj=9577824)
[    0.155997] pid_max: default: 32768 minimum: 301
[    0.157053] ACPI: Core revision 20150930
[    0.159100] ACPI: 2 ACPI AML tables successfully acquired and loaded
[    0.160643] Security Framework initialized
[    0.161625] Yama: becoming mindful.
[    0.162518] AppArmor: AppArmor initialized
[    0.163526] Dentry cache hash table entries: 65536 (order: 7, 524288 bytes)
[    0.165107] Inode-cache hash table entries: 32768 (order: 6, 262144 bytes)
[    0.166660] Mount-cache hash table entries: 1024 (order: 1, 8192 bytes)
[    0.168011] Mountpoint-cache hash table entries: 1024 (order: 1, 8192 bytes)
[    0.169663] Initializing cgroup subsys io
[    0.170639] Initializing cgroup subsys memory
[    0.171654] Initializing cgroup subsys devices
[    0.172654] Initializing cgroup subsys freezer
[    0.173692] Initializing cgroup subsys net_cls
[    0.174744] Initializing cgroup subsys perf_event
[    0.175808] Initializing cgroup subsys net_prio
[    0.176824] Initializing cgroup subsys hugetlb
[    0.177869] Initializing cgroup subsys pids
[    0.187076] mce: CPU supports 0 MCE banks
[    0.188027] Last level iTLB entries: 4KB 1024, 2MB 1024, 4MB 1024
[    0.189344] Last level dTLB entries: 4KB 1024, 2MB 1024, 4MB 1024, 1GB 4
[    0.190771] Spectre V1 : Mitigation: usercopy/swapgs barriers and __user pointer sanitization
[    0.192756] Spectre V2 : Mitigation: Full generic retpoline
[    0.193970] Spectre V2 : Spectre v2 / SpectreRSB mitigation: Filling RSB on context switch
[    0.195885] Speculative Store Bypass: Vulnerable
[    0.196932] SRBDS: Unknown: Dependent on hypervisor status
[    0.198210] MDS: Mitigation: Clear CPU buffers
[    0.201969] Freeing SMP alternatives memory: 36K
[    0.209247] ftrace: allocating 32346 entries in 127 pages
[    0.272511] smpboot: APIC(0) Converting physical 0 to logical package 0
[    0.273926] smpboot: Max logical packages: 1
[    0.275166] x2apic enabled
[    0.276196] Switched APIC routing to physical x2apic.
[    0.278469] ..TIMER: vector=0x30 apic1=0 pin1=2 apic2=-1 pin2=-1
[    0.387828] smpboot: CPU0: Intel(R) Core(TM) i5-4210U CPU @ 1.70GHz (family: 0x6, model: 0x45, stepping: 0x1)
[    0.390321] Performance Events: unsupported p6 CPU model 69 no PMU driver, software events only.
[    0.405906] KVM setup paravirtual spinlock
[    0.407692] x86: Booting SMP configuration:
[    0.408715] .... node  #0, CPUs:      #1
[    0.409830] kvm-clock: cpu 1, msr 0:1ffe3041, secondary cpu clock
[    0.418834] mce: CPU supports 0 MCE banks
[    0.421595] x86: Booted up 1 node, 2 CPUs
[    0.422800] smpboot: Total of 2 processors activated (9577.82 BogoMIPS)
[    0.425341] devtmpfs: initialized
[    0.427672] evm: security.selinux
[    0.428540] evm: security.SMACK64
[    0.429395] evm: security.SMACK64EXEC
[    0.430353] evm: security.SMACK64TRANSMUTE
[    0.431325] evm: security.SMACK64MMAP
[    0.432240] evm: security.ima
[    0.433043] evm: security.capability
[    0.434187] clocksource: jiffies: mask: 0xffffffff max_cycles: 0xffffffff, max_idle_ns: 7645041785100000 ns
[    0.436357] futex hash table entries: 512 (order: 3, 32768 bytes)
[    0.437852] pinctrl core: initialized pinctrl subsystem
[    0.439125] RTC time: 13:37:33, date: 11/07/20
[    0.440439] NET: Registered protocol family 16
[    0.451932] cpuidle: using governor ladder
[    0.463319] cpuidle: using governor menu
[    0.464662] PCCT header not found.
[    0.465708] ACPI: bus type PCI registered
[    0.466676] acpiphp: ACPI Hot Plug PCI Controller Driver version: 0.5
[    0.469119] PCI: Using configuration type 1 for base access
[    0.484668] ACPI: Added _OSI(Module Device)
[    0.485877] ACPI: Added _OSI(Processor Device)
[    0.486944] ACPI: Added _OSI(3.0 _SCP Extensions)
[    0.488015] ACPI: Added _OSI(Processor Aggregator Device)
[    0.489871] ACPI: Executed 1 blocks of module-level executable AML code
[    0.493527] ACPI: Interpreter enabled
[    0.494453] ACPI: (supports S0 S5)
[    0.495275] ACPI: Using IOAPIC for interrupt routing
[    0.496510] PCI: Using host bridge windows from ACPI; if necessary, use "pci=nocrs" and report a bug
[    0.502198] ACPI: PCI Root Bridge [PCI0] (domain 0000 [bus 00-ff])
[    0.503507] acpi PNP0A03:00: _OSC: OS supports [ASPM ClockPM Segments MSI]
[    0.505262] acpi PNP0A03:00: _OSC: not requesting OS control; OS requires [ExtendedConfig ASPM ClockPM MSI]
[    0.507367] acpi PNP0A03:00: fail to add MMCONFIG information, can't access extended PCI configuration space under this bridge.
[    0.510130] PCI host bridge to bus 0000:00
[    0.511072] pci_bus 0000:00: root bus resource [io  0x0000-0x0cf7 window]
[    0.512532] pci_bus 0000:00: root bus resource [io  0x0d00-0xffff window]
[    0.513970] pci_bus 0000:00: root bus resource [mem 0x000a0000-0x000bffff window]
[    0.515725] pci_bus 0000:00: root bus resource [mem 0x20000000-0xfdffffff window]
[    0.517531] pci_bus 0000:00: root bus resource [bus 00-ff]
[    0.520557] pci 0000:00:01.1: legacy IDE quirk: reg 0x10: [io  0x01f0-0x01f7]
[    0.522057] pci 0000:00:01.1: legacy IDE quirk: reg 0x14: [io  0x03f6]
[    0.523437] pci 0000:00:01.1: legacy IDE quirk: reg 0x18: [io  0x0170-0x0177]
[    0.534716] pci 0000:00:01.1: legacy IDE quirk: reg 0x1c: [io  0x0376]
[    0.546332] pci 0000:00:07.0: quirk: [io  0x4000-0x403f] claimed by PIIX4 ACPI
[    0.548056] pci 0000:00:07.0: quirk: [io  0x4100-0x410f] claimed by PIIX4 SMB
[    0.556267] ACPI: PCI Interrupt Link [LNKA] (IRQs 5 9 10 *11)
[    0.558251] ACPI: PCI Interrupt Link [LNKB] (IRQs 5 9 *10 11)
[    0.560091] ACPI: PCI Interrupt Link [LNKC] (IRQs 5 *9 10 11)
[    0.561851] ACPI: PCI Interrupt Link [LNKD] (IRQs 5 9 10 *11)
[    0.563768] ACPI: Enabled 2 GPEs in block 00 to 07
[    0.565369] vgaarb: setting as boot device: PCI:0000:00:02.0
[    0.566663] vgaarb: device added: PCI:0000:00:02.0,decodes=io+mem,owns=io+mem,locks=none
[    0.568542] vgaarb: loaded
[    0.569256] vgaarb: bridge control possible 0000:00:02.0
[    0.570758] SCSI subsystem initialized
[    0.571900] ACPI: bus type USB registered
[    0.572910] usbcore: registered new interface driver usbfs
[    0.574174] usbcore: registered new interface driver hub
[    0.575453] usbcore: registered new device driver usb
[    0.576968] PCI: Using ACPI for IRQ routing
[    0.578302] NetLabel: Initializing
[    0.579209] NetLabel:  domain hash size = 128
[    0.580281] NetLabel:  protocols = UNLABELED CIPSOv4
[    0.581426] NetLabel:  unlabeled traffic allowed by default
[    0.582947] amd_nb: Cannot enumerate AMD northbridges
[    0.584229] clocksource: Switched to clocksource kvm-clock
[    0.592055] AppArmor: AppArmor Filesystem Enabled
[    0.593296] pnp: PnP ACPI init
[    0.594885] pnp: PnP ACPI: found 3 devices
[    0.605094] clocksource: acpi_pm: mask: 0xffffff max_cycles: 0xffffff, max_idle_ns: 2085701024 ns
[    0.607407] NET: Registered protocol family 2
[    0.608743] TCP established hash table entries: 4096 (order: 3, 32768 bytes)
[    0.610252] TCP bind hash table entries: 4096 (order: 4, 65536 bytes)
[    0.611668] TCP: Hash tables configured (established 4096 bind 4096)
[    0.613094] UDP hash table entries: 256 (order: 1, 8192 bytes)
[    0.614379] UDP-Lite hash table entries: 256 (order: 1, 8192 bytes)
[    0.615793] NET: Registered protocol family 1
[    0.616852] pci 0000:00:00.0: Limiting direct PCI/PCI transfers
[    0.618157] pci 0000:00:01.0: Activating ISA DMA hang workarounds
[    0.621221] Unpacking initramfs...
[    0.843487] Freeing initrd memory: 14884K
[    0.844666] RAPL PMU detected, API unit is 2^-32 Joules, 4 fixed counters 10737418240 ms ovfl timer
[    0.846715] hw unit of domain pp0-core 2^-0 Joules
[    0.847809] hw unit of domain package 2^-0 Joules
[    0.848950] hw unit of domain dram 2^-0 Joules
[    0.849979] hw unit of domain pp1-gpu 2^-0 Joules
[    0.851054] clocksource: tsc: mask: 0xffffffffffffffff max_cycles: 0x2283c236f90, max_idle_ns: 440795217409 ns
[    0.853347] platform rtc_cmos: registered platform RTC device (no PNP device found)
[    0.855152] Scanning for low memory corruption every 60 seconds
[    0.856968] audit: initializing netlink subsys (disabled)
[    0.858174] audit: type=2000 audit(1604756258.876:1): initialized
[    0.859900] Initialise system trusted keyring
[    0.861307] HugeTLB registered 2 MB page size, pre-allocated 0 pages
[    0.864327] zbud: loaded
[    0.865541] VFS: Disk quotas dquot_6.6.0
[    0.866625] VFS: Dquot-cache hash table entries: 512 (order 0, 4096 bytes)
[    0.868395] squashfs: version 4.0 (2009/01/31) Phillip Lougher
[    0.870133] fuse init (API version 7.23)
[    0.871332] Key type big_key registered
[    0.872324] Allocating IMA MOK and blacklist keyrings.
[    0.874545] Key type asymmetric registered
[    0.875657] Asymmetric key parser 'x509' registered
[    0.877000] Block layer SCSI generic (bsg) driver version 0.4 loaded (major 249)
[    0.879159] io scheduler noop registered
[    0.880126] io scheduler deadline registered (default)
[    0.881418] io scheduler cfq registered
[    0.882459] pci_hotplug: PCI Hot Plug PCI Core version: 0.5
[    0.883744] pciehp: PCI Express Hot Plug Controller Driver version: 0.4
[    0.885349] ACPI: AC Adapter [AC] (on-line)
[    0.886396] input: Power Button as /devices/LNXSYSTM:00/LNXPWRBN:00/input/input0
[    0.888181] ACPI: Power Button [PWRF]
[    0.889199] input: Sleep Button as /devices/LNXSYSTM:00/LNXSLPBN:00/input/input1
[    0.890979] ACPI: Sleep Button [SLPF]
[    0.893058] GHES: HEST is not enabled!
[    0.893852] ACPI: Battery Slot [BAT0] (battery present)
[    0.896192] Serial: 8250/16550 driver, 32 ports, IRQ sharing enabled
[    0.918247] 00:02: ttyS0 at I/O 0x3f8 (irq = 4, base_baud = 115200) is a 16550A
[    0.922507] Linux agpgart interface v0.103
[    0.925745] loop: module loaded
[    0.927315] scsi host0: ata_piix
[    0.928353] scsi host1: ata_piix
[    0.929235] ata1: PATA max UDMA/33 cmd 0x1f0 ctl 0x3f6 bmdma 0xd000 irq 14
[    0.930730] ata2: PATA max UDMA/33 cmd 0x170 ctl 0x376 bmdma 0xd008 irq 15
[    0.932327] libphy: Fixed MDIO Bus: probed
[    0.933410] tun: Universal TUN/TAP device driver, 1.6
[    0.934557] tun: (C) 1999-2004 Max Krasnyansky <maxk@qualcomm.com>
[    0.936057] PPP generic driver version 2.4.2
[    0.937283] ehci_hcd: USB 2.0 'Enhanced' Host Controller (EHCI) Driver
[    0.938732] ehci-pci: EHCI PCI platform driver
[    0.939784] ehci-platform: EHCI generic platform driver
[    0.941056] ohci_hcd: USB 1.1 'Open' Host Controller (OHCI) Driver
[    0.942417] ohci-pci: OHCI PCI platform driver
[    0.943493] ohci-platform: OHCI generic platform driver
[    0.944812] uhci_hcd: USB Universal Host Controller Interface driver
[    0.946251] i8042: PNP: PS/2 Controller [PNP0303:PS2K,PNP0f03:PS2M] at 0x60,0x64 irq 1,12
[    0.948659] serio: i8042 KBD port at 0x60,0x64 irq 1
[    0.949822] serio: i8042 AUX port at 0x60,0x64 irq 12
[    0.951277] mousedev: PS/2 mouse device common for all mice
[    0.952989] input: AT Translated Set 2 keyboard as /devices/platform/i8042/serio0/input/input2
[    0.955483] rtc_cmos rtc_cmos: rtc core: registered rtc_cmos as rtc0
[    0.957016] rtc_cmos rtc_cmos: alarms up to one day, 114 bytes nvram
[    0.958410] i2c /dev entries driver
[    0.959371] device-mapper: uevent: version 1.0.3
[    0.960617] device-mapper: ioctl: 4.34.0-ioctl (2015-10-28) initialised: dm-devel@redhat.com
[    0.962670] ledtrig-cpu: registered to indicate activity on CPUs
[    0.964511] NET: Registered protocol family 10
[    0.965934] NET: Registered protocol family 17
[    0.967096] Key type dns_resolver registered
[    0.968781] registered taskstats version 1
[    0.969903] Loading compiled-in X.509 certificates
[    0.971784] Loaded X.509 cert 'Build time autogenerated kernel key: 399ad61e9457a71f6b31060684c17f14836880c9'
[    0.974093] zswap: loaded using pool lzo/zbud
[    0.977537] Key type trusted registered
[    0.982344] Key type encrypted registered
[    0.983588] AppArmor: AppArmor sha1 policy hashing enabled
[    0.985013] ima: No TPM chip found, activating TPM-bypass!
[    0.986404] ima: Allocated hash algorithm: sha1
[    0.987521] evm: HMAC attrs: 0x1
[    0.988769]   Magic number: 12:515:634
[    0.989817] rtc_cmos rtc_cmos: setting system clock to 2020-11-07 13:37:34 UTC (1604756254)
[    0.991943] BIOS EDD facility v0.16 2004-Jun-25, 0 devices found
[    0.993323] EDD information not available.
[    1.114129] Freeing unused kernel memory: 1492K
[    1.115467] Write protecting the kernel read-only data: 14336k
[    1.117743] Freeing unused kernel memory: 1588K
[    1.119384] Freeing unused kernel memory: 56K
Loading, please wait...
starting version 229
[    1.141198] random: systemd-udevd: uninitialized urandom read (16 bytes read, 2 bits of entropy available)
[    1.142578] random: udevadm: uninitialized urandom read (16 bytes read, 2 bits of entropy available)
[    1.142638] random: udevadm: uninitialized urandom read (16 bytes read, 2 bits of entropy available)
[    1.150639] random: systemd-udevd: uninitialized urandom read (16 bytes read, 2 bits of entropy available)
[    1.157018] random: systemd-udevd: uninitialized urandom read (16 bytes read, 2 bits of entropy available)
[    1.158264] random: udevadm: uninitialized urandom read (16 bytes read, 2 bits of entropy available)
[    1.158355] random: udevadm: uninitialized urandom read (16 bytes read, 2 bits of entropy available)
[    1.158654] random: udevadm: uninitialized urandom read (16 bytes read, 2 bits of entropy available)
[    1.158755] random: udevadm: uninitialized urandom read (16 bytes read, 2 bits of entropy available)
[    1.158911] random: udevadm: uninitialized urandom read (16 bytes read, 2 bits of entropy available)
[    1.230323] e1000: Intel(R) PRO/1000 Network Driver - version 7.3.21-k8-NAPI
[    1.232569] e1000: Copyright (c) 1999-2006 Intel Corporation.
[    1.239279] Fusion MPT base driver 3.04.20
[    1.240717] Copyright (c) 1999-2008 LSI Corporation
[    1.249735] Fusion MPT SPI Host driver 3.04.20
[    1.277300] AVX2 version of gcm_enc/dec engaged.
[    1.278782] AES CTR mode by8 optimization enabled
[    1.445787] input: ImExPS/2 Generic Explorer Mouse as /devices/platform/i8042/serio1/input/input4
[    1.613716] e1000 0000:00:03.0 eth0: (PCI:33MHz:32-bit) 02:e9:98:4f:cb:36
[    1.615180] e1000 0000:00:03.0 eth0: Intel(R) PRO/1000 Network Connection
[    1.617545] mptbase: ioc0: Initiating bringup
[    1.680885] ioc0: LSI53C1030 A0: Capabilities={Initiator}
[    1.850282] scsi host2: ioc0: LSI53C1030 A0, FwRev=00000000h, Ports=1, MaxQ=256, IRQ=20
[    1.965511] scsi 2:0:0:0: Direct-Access     VBOX     HARDDISK         1.0  PQ: 0 ANSI: 5
[    1.970836] scsi target2:0:0: Beginning Domain Validation
[    1.974766] scsi target2:0:0: Domain Validation skipping write tests
[    1.976310] scsi target2:0:0: Ending Domain Validation
[    1.977513] scsi target2:0:0: asynchronous
[    1.988784] scsi 2:0:1:0: Direct-Access     VBOX     HARDDISK         1.0  PQ: 0 ANSI: 5
[    1.990750] scsi target2:0:1: Beginning Domain Validation
[    1.993337] scsi target2:0:1: Domain Validation skipping write tests
[    1.994663] scsi target2:0:1: Ending Domain Validation
[    1.995840] scsi target2:0:1: asynchronous
[    2.003051] sd 2:0:0:0: Attached scsi generic sg0 type 0
[    2.003235] sd 2:0:0:0: [sda] 20971520 512-byte logical blocks: (10.7 GB/10.0 GiB)
[    2.003465] sd 2:0:0:0: [sda] Write Protect is off
[    2.003589] sd 2:0:0:0: [sda] Incomplete mode parameter data
[    2.003591] sd 2:0:0:0: [sda] Assuming drive cache: write through
[    2.012804]  sda: sda1
[    2.013668] sd 2:0:1:0: [sdb] 20480 512-byte logical blocks: (10.5 MB/10.0 MiB)
[    2.015492] sd 2:0:1:0: Attached scsi generic sg1 type 0
[    2.016851] sd 2:0:1:0: [sdb] Write Protect is off
[    2.018111] sd 2:0:1:0: [sdb] Incomplete mode parameter data
[    2.019057] sd 2:0:0:0: [sda] Attached SCSI disk
[    2.020500] sd 2:0:1:0: [sdb] Assuming drive cache: write through
[    2.026699] sd 2:0:1:0: [sdb] Attached SCSI disk
[    2.582918] e1000 0000:00:08.0 eth1: (PCI:33MHz:32-bit) 08:00:27:70:ee:ee
[    2.584650] e1000 0000:00:08.0 eth1: Intel(R) PRO/1000 Network Connection
[    2.587122] e1000 0000:00:03.0 enp0s3: renamed from eth0
[    2.598219] e1000 0000:00:08.0 enp0s8: renamed from eth1
Begin: Loading essential drivers ... [    3.935969] md: linear personality registered for level -1
[    3.940304] md: multipath personality registered for level -4
[    3.944730] md: raid0 personality registered for level 0
[    3.950452] md: raid1 personality registered for level 1
[    4.046414] raid6: sse2x1   gen()  9635 MB/s
[    4.122564] raid6: sse2x1   xor()  7527 MB/s
[    4.188753] raid6: sse2x2   gen() 10575 MB/s
[    4.258651] raid6: sse2x2   xor()  7326 MB/s
[    4.324486] raid6: sse2x4   gen() 12197 MB/s
[    4.392552] raid6: sse2x4   xor()  7423 MB/s
[    4.460649] raid6: avx2x1   gen() 11549 MB/s
[    4.528539] raid6: avx2x2   gen() 18687 MB/s
[    4.596426] raid6: avx2x4   gen() 21409 MB/s
[    4.597481] raid6: using algorithm avx2x4 gen() 21409 MB/s
[    4.598729] raid6: using avx2x2 recovery algorithm
[    4.601366] xor: automatically using best checksumming function:
[    4.640242]    avx       : 21999.000 MB/sec
[    4.642626] async_tx: api initialized (async)
[    4.657118] md: raid6 personality registered for level 6
[    4.658437] md: raid5 personality registered for level 5
[    4.659590] md: raid4 personality registered for level 4
[    4.669754] md: raid10 personality registered for level 10
done.
Begin: Running /scripts/init-premount ... done.
Begin: Mounting root file system ... Begin: Running /scripts/local-top ... done.
Begin: Running /scripts/local-premount ... [    4.704552] Btrfs loaded
Scanning for Btrfs filesystems
done.
Warning: fsck not present, so skipping root file system
[    4.752619] EXT4-fs (sda1): mounted filesystem with ordered data mode. Opts: (null)
done.
Begin: Running /scripts/local-bottom ... done.
Begin: Running /scripts/init-bottom ... done.
[    4.896934] systemd[1]: systemd 229 running in system mode. (+PAM +AUDIT +SELINUX +IMA +APPARMOR +SMACK +SYSVINIT +UTMP +LIBCRYPTSETUP +GCRYPT +GNUTLS +ACL +XZ -LZ4 +SECCOMP +BLKID +ELFUTILS +KMOD -IDN)
[    4.900705] systemd[1]: Detected virtualization oracle.
[    4.901952] systemd[1]: Detected architecture x86-64.

Welcome to [1mUbuntu 16.04.7 LTS[0m!

[    4.905822] systemd[1]: Set hostname to <ubuntu>.
[    4.910806] systemd[1]: Initializing machine ID from random generator.
[    4.913006] systemd[1]: Installed transient /etc/machine-id file.
[    5.090167] systemd[1]: Created slice System Slice.
[[0;32m  OK  [0m] Created slice System Slice.
[    5.092373] systemd[1]: Reached target System Time Synchronized.
[[0;32m  OK  [0m] Reached target System Time Synchronized.
[    5.094833] systemd[1]: Started Forward Password Requests to Wall Directory Watch.
[[0;32m  OK  [0m] Started Forward Password Requests to Wall Directory Watch.
[    5.098130] systemd[1]: Listening on Syslog Socket.
[[0;32m  OK  [0m] Listening on Syslog Socket.
[    5.104563] systemd[1]: Listening on Journal Audit Socket.
[[0;32m  OK  [0m] Listening on Journal Audit Socket.
[    5.107339] systemd[1]: Listening on Device-mapper event daemon FIFOs.
[[0;32m  OK  [0m] Listening on Device-mapper event daemon FIFOs.
[    5.110395] systemd[1]: Created slice system-serial\x2dgetty.slice.
[[0;32m  OK  [0m] Created slice system-serial\x2dgetty.slice.
[    5.113057] systemd[1]: Listening on LVM2 poll daemon socket.
[[0;32m  OK  [0m] Listening on LVM2 poll daemon socket.
[    5.115591] systemd[1]: Listening on udev Control Socket.
[[0;32m  OK  [0m] Listening on udev Control Socket.
[    5.117681] systemd[1]: Listening on LVM2 metadata daemon socket.
[[0;32m  OK  [0m] Listening on LVM2 metadata daemon socket.
[    5.120085] systemd[1]: Set up automount Arbitrary Executable File Formats File System Automount Point.
[[0;32m  OK  [0m] Set up automount Arbitrary Executab...ats File System Automount Point.
[    5.123467] systemd[1]: Reached target Swap.
[[0;32m  OK  [0m] Reached target Swap.
[    5.125287] systemd[1]: Reached target Encrypted Volumes.
[[0;32m  OK  [0m] Reached target Encrypted Volumes.
[    5.127372] systemd[1]: Listening on Journal Socket.
[[0;32m  OK  [0m] Listening on Journal Socket.
[    5.140549] systemd[1]: Mounting Huge Pages File System...
         Mounting Huge Pages File System...
[    5.144067] systemd[1]: Starting Monitoring of LVM2 mirrors, snapshots etc. using dmeventd or progress polling...
         Starting Monitoring of LVM2 mirrors... dmeventd or progress polling...
[    5.152433] systemd[1]: Starting Remount Root and Kernel File Systems...
         Starting Remount Root and Kernel File Systems...
[    5.158054] EXT4-fs (sda1): re-mounted. Opts: (null)
[    5.158999] systemd[1]: Starting Create list of required static device nodes for the current kernel...
         Starting Create list of required st... nodes for the current kernel...
[    5.164431] systemd[1]: Starting Uncomplicated firewall...
         Starting Uncomplicated firewall...
[    5.167517] systemd[1]: Mounting POSIX Message Queue File System...
         Mounting POSIX Message Queue File System...
[    5.172080] systemd[1]: Starting Set console keymap...
         Starting Set console keymap...
[    5.177112] systemd[1]: Starting Load Kernel Modules...
         Starting Load Kernel Modules...
[    5.185830] systemd[1]: Mounting Debug File System...
         Mounting Debug File System...
[    5.187783] systemd[1]: Listening on udev Kernel Socket.
[[0;32m  OK  [0m] Listening on udev Kernel Socket.
[    5.191087] systemd[1]: Listening on /dev/initctl Compatibility Named Pipe.
[    5.195608] Loading iSCSI transport class v2.0-870.
[[0;32m  OK  [0m] Listening on /dev/initctl Compatibility Named Pipe.
[    5.197892] systemd[1]: Started Trigger resolvconf update for networkd DNS.
[[0;32m  OK  [0m] Started Trigger resolvconf update for networkd DNS.
[    5.200775] systemd[1]: Created slice User and Session Slice.
[[0;32m  OK  [0m] Created slice User and Session Slice.
[    5.202996] systemd[1]: Reached target Slices.
[[0;32m  OK  [0m] Reached target Slices.
[    5.204855] systemd[1]: Reached target User and Group Name Lookups.
[[0;32m  OK  [0m] Reached target User and Group Name Lookups.
[    5.214690] iscsi: registered transport (tcp)
[    5.216465] systemd[1]: Starting Nameserver information manager...
         Starting Nameserver information manager...
[    5.218922] systemd[1]: Listening on Journal Socket (/dev/log).
[[0;32m  OK  [0m] Listening on Journal Socket (/dev/log).
[    5.224450] systemd[1]: Starting Journal Service...
         Starting Journal Service...
[    5.229484] systemd[1]: Mounted POSIX Message Queue File System.
[[0;32m  OK  [0m] Mounted POSIX Message Queue File System.
[    5.232121] systemd[1]: Mounted Huge Pages File System.
[[0;32m  OK  [0m] Mounted Huge Pages File System.
[    5.235025] systemd[1]: Mounted Debug File System.
[[0;32m  OK  [0m] Mounted Debug File System.
[    5.237820] systemd[1]: Started Remount Root and Kernel File Systems.
[[0;32m  OK  [0m] Started Remount Root and Kernel File Systems.
[    5.241224] systemd[1]: Started Create list of required static device nodes for the current kernel.
[[0;32m  OK  [0m] Started Create list of required sta...ce nodes for the current kernel.
[    5.245650] systemd[1]: Started Uncomplicated firewall.
[[0;32m  OK  [0m] Started Uncomplicated firewall.
[    5.249375] systemd[1]: Started Set console keymap.
[[0;32m  OK  [0m] Started Set console keymap.
[    5.265026] iscsi: registered transport (iser)
[    5.269572] systemd[1]: Started Load Kernel Modules.
[[0;32m  OK  [0m] Started Load Kernel Modules.
[    5.273846] systemd[1]: Started Journal Service.
[[0;32m  OK  [0m] Started Journal Service.
[[0;32m  OK  [0m] Started Nameserver information manager.
[[0;32m  OK  [0m] Started LVM2 metadata daemon.
         Mounting FUSE Control File System...
         Starting Apply Kernel Variables...
         Starting Create Static Device Nodes in /dev...
         Starting Load/Save Random Seed...
         Starting udev Coldplug all Devices...
         Starting Flush Journal to Persistent Storage...
[[0;32m  OK  [0m] Mounted FUSE Control File System.
[[0;32m  OK  [0m] Started Load/Save Random Seed.
[    5.310057] systemd-journald[395]: Received request to flush runtime journal from PID 1
[[0;32m  OK  [0m] Started Apply Kernel Variables.
[[0;32m  OK  [0m] Started Flush Journal to Persistent Storage.
[[0;32m  OK  [0m] Started Create Static Device Nodes in /dev.
         Starting udev Kernel Device Manager...
[[0;32m  OK  [0m] Started udev Coldplug all Devices.
[[0;32m  OK  [0m] Started udev Kernel Device Manager.
[[0;32m  OK  [0m] Started Dispatch Password Requests to Console Directory Watch.
[[0;32m  OK  [0m] Found device /dev/ttyS0.
[[0;32m  OK  [0m] Listening on Load/Save RF Kill Switch Status /dev/rfkill Watch.
[[0;32m  OK  [0m] Started Monitoring of LVM2 mirrors,...ng dmeventd or progress polling.
[[0;32m  OK  [0m] Reached target Local File Systems (Pre).
[[0;32m  OK  [0m] Reached target Local File Systems.
         Starting LSB: AppArmor initialization...
         Starting Tell Plymouth To Write Out Runtime Data...
         Starting Commit a transient machine-id on disk...
         Starting Initial cloud-init job (pre-networking)...
         Starting Set console font and keymap...
         Starting Create Volatile Files and Directories...
[[0;32m  OK  [0m] Started Tell Plymouth To Write Out Runtime Data.
[[0;32m  OK  [0m] Started Commit a transient machine-id on disk.
[[0;32m  OK  [0m] Started Create Volatile Files and Directories.
         Starting Update UTMP about System Boot/Shutdown...
[[0;32m  OK  [0m] Started Update UTMP about System Boot/Shutdown.
[[0;32m  OK  [0m] Started Set console font and keymap.
[[0;32m  OK  [0m] Created slice system-getty.slice.
[[0;32m  OK  [0m] Started LSB: AppArmor initialization.
[    6.963479] cloud-init[602]: Cloud-init v. 20.3-2-g371b392c-0ubuntu1~16.04.1 running 'init-local' at Sat, 07 Nov 2020 13:37:40 +0000. Up 6.57 seconds.
         Starting Load AppArmor profiles managed internally by snapd...
[[0;32m  OK  [0m] Started Load AppArmor profiles managed internally by snapd.
[[0;32m  OK  [0m] Started Initial cloud-init job (pre-networking).
[[0;32m  OK  [0m] Reached target Network (Pre).
         Starting Raise network interfaces...
[[0;32m  OK  [0m] Started Raise network interfaces.
[[0;32m  OK  [0m] Reached target Network.
         Starting Initial cloud-init job (metadata service crawler)...
[    8.336835] cloud-init[954]: Cloud-init v. 20.3-2-g371b392c-0ubuntu1~16.04.1 running 'init' at Sat, 07 Nov 2020 13:37:41 +0000. Up 7.61 seconds.
[    8.338627] cloud-init[954]: ci-info: ++++++++++++++++++++++++++++++++++++++Net device info+++++++++++++++++++++++++++++++++++++++
[    8.340343] cloud-init[954]: ci-info: +--------+-------+----------------------------+---------------+--------+-------------------+
[    8.342083] cloud-init[954]: ci-info: | Device |   Up  |          Address           |      Mask     | Scope  |     Hw-Address    |
[    8.348261] cloud-init[954]: ci-info: +--------+-------+----------------------------+---------------+--------+-------------------+
[    8.356441] cloud-init[954]: ci-info: | enp0s3 |  True |         10.0.2.15          | 255.255.255.0 | global | 02:e9:98:4f:cb:36 |
[    8.377099] cloud-init[954]: ci-info: | enp0s3 |  True | fe80::e9:98ff:fe4f:cb36/64 |       .       |  link  | 02:e9:98:4f:cb:36 |
[    8.379582] cloud-init[954]: ci-info: | enp0s8 | False |             .              |       .       |   .    | 08:00:27:70:ee:ee |
[    8.381820] cloud-init[954]: ci-info: |   lo   |  True |         127.0.0.1          |   255.0.0.0   |  host  |         .         |
[    8.388400] cloud-init[954]: ci-info: |   lo   |  True |          ::1/128           |       .       |  host  |         .         |
[    8.390613] cloud-init[954]: ci-info: +--------+-------+----------------------------+---------------+--------+-------------------+
[    8.409129] cloud-init[954]: ci-info: +++++++++++++++++++++++++++Route IPv4 info++++++++++++++++++++++++++++
[    8.411294] cloud-init[954]: ci-info: +-------+-------------+----------+---------------+-----------+-------+
[    8.414714] cloud-init[954]: ci-info: | Route | Destination | Gateway  |    Genmask    | Interface | Flags |
[    8.414868] cloud-init[954]: ci-info: +-------+-------------+----------+---------------+-----------+-------+
[    8.415451] cloud-init[954]: ci-info: |   0   |   0.0.0.0   | 10.0.2.2 |    0.0.0.0    |   enp0s3  |   UG  |
[    8.415869] cloud-init[954]: ci-info: |   1   |   10.0.2.0  | 0.0.0.0  | 255.255.255.0 |   enp0s3  |   U   |
[    8.416530] cloud-init[954]: ci-info: +-------+-------------+----------+---------------+-----------+-------+
[    8.417159] cloud-init[954]: ci-info: +++++++++++++++++++Route IPv6 info+++++++++++++++++++
[    8.417799] cloud-init[954]: ci-info: +-------+-------------+---------+-----------+-------+
[    8.418226] cloud-init[954]: ci-info: | Route | Destination | Gateway | Interface | Flags |
[    8.418872] cloud-init[954]: ci-info: +-------+-------------+---------+-----------+-------+
[    8.419297] cloud-init[954]: ci-info: |   0   |  fe80::/64  |    ::   |   enp0s3  |   U   |
[    8.419742] cloud-init[954]: ci-info: |   3   |   ff00::/8  |    ::   |   enp0s3  |   U   |
[    8.421259] cloud-init[954]: ci-info: +-------+-------------+---------+-----------+-------+
[    8.421888] cloud-init[954]: Generating public/private rsa key pair.
[    8.422340] cloud-init[954]: Your identification has been saved in /etc/ssh/ssh_host_rsa_key.
[    8.422762] cloud-init[954]: Your public key has been saved in /etc/ssh/ssh_host_rsa_key.pub.
[    8.423185] cloud-init[954]: The key fingerprint is:
[    8.423612] cloud-init[954]: SHA256:4eTDXOTQMH3D0r+4iP/ftDuiORZtehb3U/R3DajGaW4 root@ubuntu-xenial
[    8.424489] cloud-init[954]: The key's randomart image is:
[    8.425114] cloud-init[954]: +---[RSA 2048]----+
[    8.425540] cloud-init[954]: |        ++.o     |
[    8.425989] cloud-init[954]: |         =+ =    |
[    8.426182] cloud-init[954]: |        o oo +   |
[    8.427080] cloud-init[954]: |       * o  . o .|
[    8.427499] cloud-init[954]: |        S. o.. +o|
[    8.427929] cloud-init[954]: |         .*..+..*|
[    8.428591] cloud-init[954]: |         = .+.o *|
[    8.429018] cloud-init[954]: |        . E+o+ =o|
[    8.429443] cloud-init[954]: |         oo+*.oo=|
[    8.430100] cloud-init[954]: +----[SHA256]-----+
[    8.430543] cloud-init[954]: Generating public/private dsa key pair.
[    8.430965] cloud-init[954]: Your identification has been saved in /etc/ssh/ssh_host_dsa_key.
[    8.431395] cloud-init[954]: Your public key has been saved in /etc/ssh/ssh_host_dsa_key.pub.
[    8.431826] cloud-init[954]: The key fingerprint is:
[    8.432486] cloud-init[954]: SHA256:sUK1Bn6gorMG6ys6LDIPw3QMBGs62P7Ss19IfM7x7ic root@ubuntu-xenial
[    8.433117] cloud-init[954]: The key's randomart image is:
[    8.433546] cloud-init[954]: +---[DSA 1024]----+
[    8.433974] cloud-init[954]: |o.    o .        |
[    8.434385] cloud-init[954]: |..   o + .       |
[    8.434794] cloud-init[954]: |.o. . o =        |
[    8.435216] cloud-init[954]: |+oo. o o o       |
[    8.435643] cloud-init[954]: |B..o  + S        |
[    8.436103] cloud-init[954]: |+*.  . * o       |
[    8.436717] cloud-init[954]: |*o..  . + .      |
[    8.437206] cloud-init[954]: |O+..o  . .E .    |
[[0;32m  OK  [0m] Started Initial cloud-init job (metadata service crawler).
[    8.437490] cloud-init[954]: |**o.o+.  .oo     |
[    8.459346] cloud-init[954]: +----[SHA256]-----+
[    8.459596] cloud-init[954]: Generating public/private ecdsa key pair.
[    8.460679] cloud-init[954]: Your identification has been saved in /etc/ssh/ssh_host_ecdsa_key.
[    8.461734] cloud-init[954]: Your public key has been saved in /etc/ssh/ssh_host_ecdsa_key.pub.
[    8.462399] cloud-init[954]: The key fingerprint is:
[    8.462822] cloud-init[954]: SHA256:Zg5X65wzIWyQ6Qg4L15nRbZwRJGMDEjVcsZcpmd+b+U root@ubuntu-xenial
[    8.463922] cloud-init[954]: The key's randomart image is:
[    8.464592] cloud-init[954]: +---[ECDSA 256]---+
[    8.465240] cloud-init[954]: |..oo*.*Xo        |
[    8.466560] cloud-init[954]: | o . OB=.        |
[    8.466982] cloud-init[954]: |o . +.+=  .      |
[    8.467408] cloud-init[954]: | o . o=o . .     |
[    8.467838] cloud-init[954]: |. ...oo.S.o  .   |
[    8.468503] cloud-init[954]: |... o  B.+.oo    |
[    8.469132] cloud-init[954]: | .      . *o E   |
[    8.469381] cloud-init[954]: |          .o     |
[    8.470259] cloud-init[954]: |                 |
[    8.471142] cloud-init[954]: +----[SHA256]-----+
[    8.471792] cloud-init[954]: Generating public/private ed25519 key pair.
[    8.472380] cloud-init[954]: Your identification has been saved in /etc/ssh/ssh_host_ed25519_key.
[    8.472797] cloud-init[954]: Your public key has been saved in /etc/ssh/ssh_host_ed25519_key.pub.
[    8.473226] cloud-init[954]: The key fingerprint is:
[    8.473653] cloud-init[954]: SHA256:PC7FRAeko9Ub2uripzt0/QnHcdmemuvQ+U/gHc8Ifb8 root@ubuntu-xenial
[    8.474083] cloud-init[954]: The key's randomart image is:
[    8.474526] cloud-init[954]: +--[ED25519 256]--+
[    8.474955] cloud-init[954]: |       .+..      |
[    8.475380] cloud-init[954]: |       + .       |
[    8.476048] cloud-init[954]: |      + +    o   |
[    8.477393] cloud-init[954]: |     o B o. o..  |
[    8.477804] cloud-init[954]: |    . ..S. o..oo.|
[    8.478229] cloud-init[954]: |    . .+o.o. +o*+|
[    8.478880] cloud-init[954]: |   . .o .+..ooo *|
[    8.479303] cloud-init[954]: |    o...  o.o. ..|
[    8.479728] cloud-init[954]: |   .+*.    .o..E.|
[    8.480390] cloud-init[954]: +----[SHA256]-----+
[[0;32m  OK  [0m] Reached target System Initialization.
         Starting Socket activation for snappy daemon.
         Starting LXD - unix socket.
[[0;32m  OK  [0m] Listening on D-Bus System Message Bus Socket.
[[0;32m  OK  [0m] Started Daily apt download activities.
[[0;32m  OK  [0m] Started Daily apt upgrade and clean activities.
[[0;32m  OK  [0m] Started Message of the Day.
[[0;32m  OK  [0m] Started ACPI Events Check.
[[0;32m  OK  [0m] Reached target Paths.
[[0;32m  OK  [0m] Started Daily Cleanup of Temporary Directories.
[[0;32m  OK  [0m] Reached target Timers.
[[0;32m  OK  [0m] Listening on UUID daemon activation socket.
[[0;32m  OK  [0m] Listening on ACPID Listen Socket.
[[0;32m  OK  [0m] Reached target Network is Online.
         Starting iSCSI initiator daemon (iscsid)...
[[0;32m  OK  [0m] Reached target Cloud-config availability.
[[0;32m  OK  [0m] Listening on Socket activation for snappy daemon.
[[0;32m  OK  [0m] Listening on LXD - unix socket.
[[0;32m  OK  [0m] Reached target Sockets.
[[0;32m  OK  [0m] Reached target Basic System.
[[0;32m  OK  [0m] Started Deferred execution scheduler.
         Starting Login Service...
         Starting Accounts Service...
[[0;32m  OK  [0m] Started FUSE filesystem for LXC.
         Starting /etc/rc.local Compatibility...
[[0;32m  OK  [0m] Started D-Bus System Message Bus.
         Starting Virtualbox guest utils...
         Starting System Logging Service...
         Starting LSB: MD monitoring daemon...
         Starting Pollinate to seed the pseudo random number generator...
[[0;32m  OK  [0m] Started ACPI event daemon.
         Starting LSB: Record successful boot for GRUB...
[[0;32m  OK  [0m] Started Regular background program processing daemon.
         Starting LXD - container startup/shutdown...
         Starting Snap Daemon...
[[0;32m  OK  [0m] Started System Logging Service.
[[0;32m  OK  [0m] Started /etc/rc.local Compatibility.
         Starting Authenticate and Authorize Users to Run Privileged Tasks...
[[0;32m  OK  [0m] Started Login Service.
[[0;32m  OK  [0m] Started Unattended Upgrades Shutdown.
[[0;32m  OK  [0m] Started iSCSI initiator daemon (iscsid).
         Starting Login to default iSCSI targets...
[[0;32m  OK  [0m] Started Login to default iSCSI targets.
[[0;32m  OK  [0m] Started LSB: Record successful boot for GRUB.
[[0;32m  OK  [0m] Reached target Remote File Systems (Pre).
[[0;32m  OK  [0m] Reached target Remote File Systems.
         Starting Permit User Sessions...
         Starting LSB: Set the CPU Frequency Scaling governor to "ondemand"...
         Starting LSB: automatic crash report generation...
         Starting LSB: daemon to balance interrupts for SMP systems...
[[0;32m  OK  [0m] Started Permit User Sessions.
[[0;32m  OK  [0m] Started LSB: MD monitoring daemon.
         Starting Terminate Plymouth Boot Screen...
         Starting Hold until boot process finishes up...
[[0;32m  OK  [0m] Started Terminate Plymouth Boot Screen.
[[0;32m  OK  [0m] Started Authenticate and Authorize Users to Run Privileged Tasks.
[[0;32m  OK  [0m] Started Accounts Service.
[[0;32m  OK  [0m] Started Hold until boot process finishes up.
[[0;32m  OK  [0m] Started Getty on tty1.
[[0;32m  OK  [0m] Started Serial Getty on ttyS0.
[[0;32m  OK  [0m] Reached target Login Prompts.
         Starting Set console scheme...
[[0;32m  OK  [0m] Started LSB: Set the CPU Frequency Scaling governor to "ondemand".
[[0;32m  OK  [0m] Started Set console scheme.
[[0;32m  OK  [0m] Started LSB: automatic crash report generation.
[[0;32m  OK  [0m] Started LSB: daemon to balance interrupts for SMP systems.
[[0;32m  OK  [0m] Started LXD - container startup/shutdown.
[[0;32m  OK  [0m] Started Virtualbox guest utils.
[[0;32m  OK  [0m] Started Snap Daemon.
         Starting Wait until snapd is fully seeded...
[[0;32m  OK  [0m] Started Pollinate to seed the pseudo random number generator.
         Starting OpenBSD Secure Shell server...
[[0;32m  OK  [0m] Started OpenBSD Secure Shell server.
[[0;32m  OK  [0m] Created slice User Slice of vagrant.
         Starting User Manager for UID 1000...
[[0;32m  OK  [0m] Started Session 1 of user vagrant.
[[0;32m  OK  [0m] Started User Manager for UID 1000.
[[0;32m  OK  [0m] Started Wait until snapd is fully seeded.
         Starting Apply the settings specified in cloud-config...
[[0;32m  OK  [0m] Reached target Multi-User System.
[[0;32m  OK  [0m] Reached target Graphical Interface.
         Starting Update UTMP about System Runlevel Changes...
[[0;32m  OK  [0m] Started Update UTMP about System Runlevel Changes.
[   13.796198] cloud-init[1412]: Generating locales (this might take a while)...
[   14.794750] cloud-init[1412]:   en_US.UTF-8... done
[   14.795761] cloud-init[1412]: Generation complete.

Ubuntu 16.04.7 LTS ubuntu-xenial ttyS0

ubuntu-xenial login: [   15.203392] cloud-init[1412]: Cloud-init v. 20.3-2-g371b392c-0ubuntu1~16.04.1 running 'modules:config' at Sat, 07 Nov 2020 13:37:47 +0000. Up 13.65 seconds.
ci-info: no authorized SSH keys fingerprints found for user ubuntu.
<14>Nov  7 13:37:49 ec2: 
<14>Nov  7 13:37:49 ec2: #############################################################
<14>Nov  7 13:37:49 ec2: -----BEGIN SSH HOST KEY FINGERPRINTS-----
<14>Nov  7 13:37:49 ec2: 1024 SHA256:sUK1Bn6gorMG6ys6LDIPw3QMBGs62P7Ss19IfM7x7ic root@ubuntu-xenial (DSA)
<14>Nov  7 13:37:49 ec2: 256 SHA256:Zg5X65wzIWyQ6Qg4L15nRbZwRJGMDEjVcsZcpmd+b+U root@ubuntu-xenial (ECDSA)
<14>Nov  7 13:37:49 ec2: 256 SHA256:PC7FRAeko9Ub2uripzt0/QnHcdmemuvQ+U/gHc8Ifb8 root@ubuntu-xenial (ED25519)
<14>Nov  7 13:37:49 ec2: 2048 SHA256:4eTDXOTQMH3D0r+4iP/ftDuiORZtehb3U/R3DajGaW4 root@ubuntu-xenial (RSA)
<14>Nov  7 13:37:49 ec2: -----END SSH HOST KEY FINGERPRINTS-----
<14>Nov  7 13:37:49 ec2: #############################################################
-----BEGIN SSH HOST KEY KEYS-----
ecdsa-sha2-nistp256 AAAAE2VjZHNhLXNoYTItbmlzdHAyNTYAAAAIbmlzdHAyNTYAAABBBHrDhN7qXU64HySd5FLtqnsWvCRO4JRRFfTB0BCL4a7Jkl5ubdxEToHa8MzBIk3sOsYlW/XlRWyKAa82tpaYZXA= root@ubuntu-xenial
ssh-ed25519 AAAAC3NzaC1lZDI1NTE5AAAAIEZ4HTKEj8CEl3N0TB751lA7aBNKlsZtAuiCTbQZEd4E root@ubuntu-xenial
ssh-rsa AAAAB3NzaC1yc2EAAAADAQABAAABAQDTXuMudt68z1dlxYEkWEIiVVA5wqYlnJj4PUwZyFpq/Mysj9BrsGV/9qTpzf+XqNYmHwxw1pH2+IHlX/ZUKm8QOL0NI/WLYtvNM0hp8nC4zAUWs/rxGyFaAmy4FNhgzWB4xPLej50zwio0QqQ5Qpu/c0enq94DCQqf9QicXVb/3eaKBmoAC87omNY8pOx9eULTaYXq7TxUtu+yNA6gR3ap2bEVqXFScoRVJk/n7bXU8qisIt9zyzUoaUEOSWuIt/WDNjFGOf2Bqt4zgAFWKgPbsPZIjJdGIVHkNuko1ILu8X6JuZKVBoaZ2g8mXHmrP79JcoyRTd0SbOKKMDx+O9D/ root@ubuntu-xenial
-----END SSH HOST KEY KEYS-----
[   15.873414] cloud-init[1580]: Cloud-init v. 20.3-2-g371b392c-0ubuntu1~16.04.1 running 'modules:final' at Sat, 07 Nov 2020 13:37:49 +0000. Up 15.69 seconds.
[   15.876245] cloud-init[1580]: ci-info: no authorized SSH keys fingerprints found for user ubuntu.
[   15.878096] cloud-init[1580]: Cloud-init v. 20.3-2-g371b392c-0ubuntu1~16.04.1 finished at Sat, 07 Nov 2020 13:37:49 +0000. Datasource DataSourceNoCloud [seed=/dev/sdb][dsmode=net].  Up 15.85 seconds
