[    0.000000] Initializing cgroup subsys cpuset
[    0.000000] Initializing cgroup subsys cpu
[    0.000000] Initializing cgroup subsys cpuacct
[    0.000000] Linux version 4.4.0-193-generic (buildd@lgw01-amd64-024) (gcc version 5.4.0 20160609 (Ubuntu 5.4.0-6ubuntu1~16.04.12) ) #224-Ubuntu SMP Tue Oct 6 17:15:28 UTC 2020 (Ubuntu 4.4.0-193.224-generic 4.4.236)
[    0.000000] Command line: BOOT_IMAGE=/boot/vmlinuz-4.4.0-193-generic root=LABEL=cloudimg-rootfs ro console=tty1 console=ttyS0
[    0.000000] KERNEL supported cpus:
[    0.000000]   Intel GenuineIntel
[    0.000000]   AMD AuthenticAMD
[    0.000000]   Centaur CentaurHauls
[    0.000000] x86/fpu: xstate_offset[2]:  576, xstate_sizes[2]:  256
[    0.000000] x86/fpu: Supporting XSAVE feature 0x01: 'x87 floating point registers'
[    0.000000] x86/fpu: Supporting XSAVE feature 0x02: 'SSE registers'
[    0.000000] x86/fpu: Supporting XSAVE feature 0x04: 'AVX registers'
[    0.000000] x86/fpu: Enabled xstate features 0x7, context size is 832 bytes, using 'standard' format.
[    0.000000] e820: BIOS-provided physical RAM map:
[    0.000000] BIOS-e820: [mem 0x0000000000000000-0x000000000009fbff] usable
[    0.000000] BIOS-e820: [mem 0x000000000009fc00-0x000000000009ffff] reserved
[    0.000000] BIOS-e820: [mem 0x00000000000f0000-0x00000000000fffff] reserved
[    0.000000] BIOS-e820: [mem 0x0000000000100000-0x000000001ffeffff] usable
[    0.000000] BIOS-e820: [mem 0x000000001fff0000-0x000000001fffffff] ACPI data
[    0.000000] BIOS-e820: [mem 0x00000000fec00000-0x00000000fec00fff] reserved
[    0.000000] BIOS-e820: [mem 0x00000000fee00000-0x00000000fee00fff] reserved
[    0.000000] BIOS-e820: [mem 0x00000000fffc0000-0x00000000ffffffff] reserved
[    0.000000] NX (Execute Disable) protection: active
[    0.000000] SMBIOS 2.5 present.
[    0.000000] Hypervisor detected: KVM
[    0.000000] e820: last_pfn = 0x1fff0 max_arch_pfn = 0x400000000
[    0.000000] MTRR: Disabled
[    0.000000] x86/PAT: MTRRs disabled, skipping PAT initialization too.
[    0.000000] CPU MTRRs all blank - virtualized system.
[    0.000000] x86/PAT: Configuration [0-7]: WB  WT  UC- UC  WB  WT  UC- UC  
[    0.000000] found SMP MP-table at [mem 0x0009fff0-0x0009ffff] mapped at [ffff88000009fff0]
[    0.000000] Scanning 1 areas for low memory corruption
[    0.000000] RAMDISK: [mem 0x1e8cc000-0x1f754fff]
[    0.000000] ACPI: Early table checksum verification disabled
[    0.000000] ACPI: RSDP 0x00000000000E0000 000024 (v02 VBOX  )
[    0.000000] ACPI: XSDT 0x000000001FFF0030 00003C (v01 VBOX   VBOXXSDT 00000001 ASL  00000061)
[    0.000000] ACPI: FACP 0x000000001FFF00F0 0000F4 (v04 VBOX   VBOXFACP 00000001 ASL  00000061)
[    0.000000] ACPI: DSDT 0x000000001FFF0470 002325 (v02 VBOX   VBOXBIOS 00000002 INTL 20190509)
[    0.000000] ACPI: FACS 0x000000001FFF0200 000040
[    0.000000] ACPI: FACS 0x000000001FFF0200 000040
[    0.000000] ACPI: APIC 0x000000001FFF0240 00005C (v02 VBOX   VBOXAPIC 00000001 ASL  00000061)
[    0.000000] ACPI: SSDT 0x000000001FFF02A0 0001CC (v01 VBOX   VBOXCPUT 00000002 INTL 20190509)
[    0.000000] No NUMA configuration found
[    0.000000] Faking a node at [mem 0x0000000000000000-0x000000001ffeffff]
[    0.000000] NODE_DATA(0) allocated [mem 0x1ffeb000-0x1ffeffff]
[    0.000000] kvm-clock: Using msrs 4b564d01 and 4b564d00
[    0.000000] kvm-clock: cpu 0, msr 0:1ffe3001, primary cpu clock
[    0.000000] kvm-clock: using sched offset of 5144782790 cycles
[    0.000000] clocksource: kvm-clock: mask: 0xffffffffffffffff max_cycles: 0x1cd42e4dffb, max_idle_ns: 881590591483 ns
[    0.000000] Zone ranges:
[    0.000000]   DMA      [mem 0x0000000000001000-0x0000000000ffffff]
[    0.000000]   DMA32    [mem 0x0000000001000000-0x000000001ffeffff]
[    0.000000]   Normal   empty
[    0.000000]   Device   empty
[    0.000000] Movable zone start for each node
[    0.000000] Early memory node ranges
[    0.000000]   node   0: [mem 0x0000000000001000-0x000000000009efff]
[    0.000000]   node   0: [mem 0x0000000000100000-0x000000001ffeffff]
[    0.000000] Initmem setup node 0 [mem 0x0000000000001000-0x000000001ffeffff]
[    0.000000] ACPI: PM-Timer IO Port: 0x4008
[    0.000000] IOAPIC[0]: apic_id 2, version 32, address 0xfec00000, GSI 0-23
[    0.000000] ACPI: INT_SRC_OVR (bus 0 bus_irq 0 global_irq 2 dfl dfl)
[    0.000000] ACPI: INT_SRC_OVR (bus 0 bus_irq 9 global_irq 9 low level)
[    0.000000] Using ACPI (MADT) for SMP configuration information
[    0.000000] smpboot: Allowing 2 CPUs, 0 hotplug CPUs
[    0.000000] PM: Registered nosave memory: [mem 0x00000000-0x00000fff]
[    0.000000] PM: Registered nosave memory: [mem 0x0009f000-0x0009ffff]
[    0.000000] PM: Registered nosave memory: [mem 0x000a0000-0x000effff]
[    0.000000] PM: Registered nosave memory: [mem 0x000f0000-0x000fffff]
[    0.000000] e820: [mem 0x20000000-0xfebfffff] available for PCI devices
[    0.000000] Booting paravirtualized kernel on KVM
[    0.000000] clocksource: refined-jiffies: mask: 0xffffffff max_cycles: 0xffffffff, max_idle_ns: 7645519600211568 ns
[    0.000000] setup_percpu: NR_CPUS:512 nr_cpumask_bits:512 nr_cpu_ids:2 nr_node_ids:1
[    0.000000] PERCPU: Embedded 33 pages/cpu @ffff88001fc00000 s95512 r8192 d31464 u1048576
[    0.000000] Built 1 zonelists in Node order, mobility grouping on.  Total pages: 128888
[    0.000000] Policy zone: DMA32
[    0.000000] Kernel command line: BOOT_IMAGE=/boot/vmlinuz-4.4.0-193-generic root=LABEL=cloudimg-rootfs ro console=tty1 console=ttyS0
[    0.000000] PID hash table entries: 2048 (order: 2, 16384 bytes)
[    0.000000] Memory: 481580K/523832K available (8640K kernel code, 1337K rwdata, 4040K rodata, 1492K init, 1296K bss, 42252K reserved, 0K cma-reserved)
[    0.000000] SLUB: HWalign=64, Order=0-3, MinObjects=0, CPUs=2, Nodes=1
[    0.000000] Kernel/User page tables isolation: enabled
[    0.000000] Hierarchical RCU implementation.
[    0.000000] 	Build-time adjustment of leaf fanout to 64.
[    0.000000] 	RCU restricting CPUs from NR_CPUS=512 to nr_cpu_ids=2.
[    0.000000] RCU: Adjusting geometry for rcu_fanout_leaf=64, nr_cpu_ids=2
[    0.000000] NR_IRQS:33024 nr_irqs:440 16
[    0.000000] Console: colour VGA+ 80x25
[    0.000000] console [tty1] enabled
[    0.000000] console [ttyS0] enabled
[    0.000000] tsc: Detected 2394.456 MHz processor
[    0.145694] Calibrating delay loop (skipped) preset value.. 4788.91 BogoMIPS (lpj=9577824)
[    0.147644] pid_max: default: 32768 minimum: 301
[    0.148687] ACPI: Core revision 20150930
[    0.150706] ACPI: 2 ACPI AML tables successfully acquired and loaded
[    0.152184] Security Framework initialized
[    0.153188] Yama: becoming mindful.
[    0.154082] AppArmor: AppArmor initialized
[    0.155077] Dentry cache hash table entries: 65536 (order: 7, 524288 bytes)
[    0.156669] Inode-cache hash table entries: 32768 (order: 6, 262144 bytes)
[    0.158120] Mount-cache hash table entries: 1024 (order: 1, 8192 bytes)
[    0.159473] Mountpoint-cache hash table entries: 1024 (order: 1, 8192 bytes)
[    0.161386] Initializing cgroup subsys io
[    0.162335] Initializing cgroup subsys memory
[    0.163287] Initializing cgroup subsys devices
[    0.164250] Initializing cgroup subsys freezer
[    0.165247] Initializing cgroup subsys net_cls
[    0.166209] Initializing cgroup subsys perf_event
[    0.167214] Initializing cgroup subsys net_prio
[    0.168242] Initializing cgroup subsys hugetlb
[    0.169310] Initializing cgroup subsys pids
[    0.178250] mce: CPU supports 0 MCE banks
[    0.179439] Last level iTLB entries: 4KB 1024, 2MB 1024, 4MB 1024
[    0.180696] Last level dTLB entries: 4KB 1024, 2MB 1024, 4MB 1024, 1GB 4
[    0.182322] Spectre V1 : Mitigation: usercopy/swapgs barriers and __user pointer sanitization
[    0.184175] Spectre V2 : Mitigation: Full generic retpoline
[    0.185386] Spectre V2 : Spectre v2 / SpectreRSB mitigation: Filling RSB on context switch
[    0.187234] Speculative Store Bypass: Vulnerable
[    0.188358] SRBDS: Unknown: Dependent on hypervisor status
[    0.189928] MDS: Mitigation: Clear CPU buffers
[    0.194063] Freeing SMP alternatives memory: 36K
[    0.201887] ftrace: allocating 32346 entries in 127 pages
[    0.270835] smpboot: APIC(0) Converting physical 0 to logical package 0
[    0.272300] smpboot: Max logical packages: 1
[    0.273601] x2apic enabled
[    0.274680] Switched APIC routing to physical x2apic.
[    0.276927] ..TIMER: vector=0x30 apic1=0 pin1=2 apic2=-1 pin2=-1
[    0.386532] smpboot: CPU0: Intel(R) Core(TM) i5-4210U CPU @ 1.70GHz (family: 0x6, model: 0x45, stepping: 0x1)
[    0.389035] Performance Events: unsupported p6 CPU model 69 no PMU driver, software events only.
[    0.404398] KVM setup paravirtual spinlock
[    0.406248] x86: Booting SMP configuration:
[    0.407260] .... node  #0, CPUs:      #1
[    0.408401] kvm-clock: cpu 1, msr 0:1ffe3041, secondary cpu clock
[    0.417381] mce: CPU supports 0 MCE banks
[    0.420147] x86: Booted up 1 node, 2 CPUs
[    0.421601] smpboot: Total of 2 processors activated (9577.82 BogoMIPS)
[    0.424272] devtmpfs: initialized
[    0.426700] evm: security.selinux
[    0.427536] evm: security.SMACK64
[    0.428442] evm: security.SMACK64EXEC
[    0.429338] evm: security.SMACK64TRANSMUTE
[    0.430332] evm: security.SMACK64MMAP
[    0.431259] evm: security.ima
[    0.432026] evm: security.capability
[    0.433163] clocksource: jiffies: mask: 0xffffffff max_cycles: 0xffffffff, max_idle_ns: 7645041785100000 ns
[    0.435297] futex hash table entries: 512 (order: 3, 32768 bytes)
[    0.436810] pinctrl core: initialized pinctrl subsystem
[    0.438063] RTC time:  1:57:51, date: 11/09/20
[    0.439376] NET: Registered protocol family 16
[    0.450388] cpuidle: using governor ladder
[    0.461916] cpuidle: using governor menu
[    0.463817] PCCT header not found.
[    0.465714] ACPI: bus type PCI registered
[    0.467569] acpiphp: ACPI Hot Plug PCI Controller Driver version: 0.5
[    0.470448] PCI: Using configuration type 1 for base access
[    0.487932] ACPI: Added _OSI(Module Device)
[    0.489508] ACPI: Added _OSI(Processor Device)
[    0.491128] ACPI: Added _OSI(3.0 _SCP Extensions)
[    0.492838] ACPI: Added _OSI(Processor Aggregator Device)
[    0.495931] ACPI: Executed 1 blocks of module-level executable AML code
[    0.501707] ACPI: Interpreter enabled
[    0.502803] ACPI: (supports S0 S5)
[    0.503826] ACPI: Using IOAPIC for interrupt routing
[    0.505295] PCI: Using host bridge windows from ACPI; if necessary, use "pci=nocrs" and report a bug
[    0.511111] ACPI: PCI Root Bridge [PCI0] (domain 0000 [bus 00-ff])
[    0.512566] acpi PNP0A03:00: _OSC: OS supports [ASPM ClockPM Segments MSI]
[    0.514331] acpi PNP0A03:00: _OSC: not requesting OS control; OS requires [ExtendedConfig ASPM ClockPM MSI]
[    0.516556] acpi PNP0A03:00: fail to add MMCONFIG information, can't access extended PCI configuration space under this bridge.
[    0.519315] PCI host bridge to bus 0000:00
[    0.520350] pci_bus 0000:00: root bus resource [io  0x0000-0x0cf7 window]
[    0.522085] pci_bus 0000:00: root bus resource [io  0x0d00-0xffff window]
[    0.523569] pci_bus 0000:00: root bus resource [mem 0x000a0000-0x000bffff window]
[    0.525555] pci_bus 0000:00: root bus resource [mem 0x20000000-0xfdffffff window]
[    0.527451] pci_bus 0000:00: root bus resource [bus 00-ff]
[    0.530611] pci 0000:00:01.1: legacy IDE quirk: reg 0x10: [io  0x01f0-0x01f7]
[    0.532342] pci 0000:00:01.1: legacy IDE quirk: reg 0x14: [io  0x03f6]
[    0.533955] pci 0000:00:01.1: legacy IDE quirk: reg 0x18: [io  0x0170-0x0177]
[    0.547829] pci 0000:00:01.1: legacy IDE quirk: reg 0x1c: [io  0x0376]
[    0.565624] pci 0000:00:07.0: quirk: [io  0x4000-0x403f] claimed by PIIX4 ACPI
[    0.568117] pci 0000:00:07.0: quirk: [io  0x4100-0x410f] claimed by PIIX4 SMB
[    0.579053] ACPI: PCI Interrupt Link [LNKA] (IRQs 5 9 10 *11)
[    0.581217] ACPI: PCI Interrupt Link [LNKB] (IRQs 5 9 *10 11)
[    0.583707] ACPI: PCI Interrupt Link [LNKC] (IRQs 5 *9 10 11)
[    0.587305] ACPI: PCI Interrupt Link [LNKD] (IRQs 5 9 10 *11)
[    0.589659] ACPI: Enabled 2 GPEs in block 00 to 07
[    0.591829] vgaarb: setting as boot device: PCI:0000:00:02.0
[    0.592993] vgaarb: device added: PCI:0000:00:02.0,decodes=io+mem,owns=io+mem,locks=none
[    0.595400] vgaarb: loaded
[    0.596383] vgaarb: bridge control possible 0000:00:02.0
[    0.599406] SCSI subsystem initialized
[    0.601236] ACPI: bus type USB registered
[    0.603656] usbcore: registered new interface driver usbfs
[    0.605368] usbcore: registered new interface driver hub
[    0.607251] usbcore: registered new device driver usb
[    0.609346] PCI: Using ACPI for IRQ routing
[    0.611324] NetLabel: Initializing
[    0.612840] NetLabel:  domain hash size = 128
[    0.614391] NetLabel:  protocols = UNLABELED CIPSOv4
[    0.616054] NetLabel:  unlabeled traffic allowed by default
[    0.617955] amd_nb: Cannot enumerate AMD northbridges
[    0.619882] clocksource: Switched to clocksource kvm-clock
[    0.632299] AppArmor: AppArmor Filesystem Enabled
[    0.633815] pnp: PnP ACPI init
[    0.636493] pnp: PnP ACPI: found 3 devices
[    0.650752] clocksource: acpi_pm: mask: 0xffffff max_cycles: 0xffffff, max_idle_ns: 2085701024 ns
[    0.652897] NET: Registered protocol family 2
[    0.654152] TCP established hash table entries: 4096 (order: 3, 32768 bytes)
[    0.656185] TCP bind hash table entries: 4096 (order: 4, 65536 bytes)
[    0.657787] TCP: Hash tables configured (established 4096 bind 4096)
[    0.659325] UDP hash table entries: 256 (order: 1, 8192 bytes)
[    0.660662] UDP-Lite hash table entries: 256 (order: 1, 8192 bytes)
[    0.662094] NET: Registered protocol family 1
[    0.663132] pci 0000:00:00.0: Limiting direct PCI/PCI transfers
[    0.664569] pci 0000:00:01.0: Activating ISA DMA hang workarounds
[    0.667155] Unpacking initramfs...
[    0.892505] Freeing initrd memory: 14884K
[    0.893763] RAPL PMU detected, API unit is 2^-32 Joules, 4 fixed counters 10737418240 ms ovfl timer
[    0.895748] hw unit of domain pp0-core 2^-0 Joules
[    0.896914] hw unit of domain package 2^-0 Joules
[    0.898081] hw unit of domain dram 2^-0 Joules
[    0.899110] hw unit of domain pp1-gpu 2^-0 Joules
[    0.900296] clocksource: tsc: mask: 0xffffffffffffffff max_cycles: 0x2283c236f90, max_idle_ns: 440795217409 ns
[    0.902533] platform rtc_cmos: registered platform RTC device (no PNP device found)
[    0.904470] Scanning for low memory corruption every 60 seconds
[    0.906165] audit: initializing netlink subsys (disabled)
[    0.907385] audit: type=2000 audit(1604887078.734:1): initialized
[    0.909144] Initialise system trusted keyring
[    0.910370] HugeTLB registered 2 MB page size, pre-allocated 0 pages
[    0.913154] zbud: loaded
[    0.914319] VFS: Disk quotas dquot_6.6.0
[    0.915346] VFS: Dquot-cache hash table entries: 512 (order 0, 4096 bytes)
[    0.917181] squashfs: version 4.0 (2009/01/31) Phillip Lougher
[    0.918808] fuse init (API version 7.23)
[    0.920008] Key type big_key registered
[    0.920959] Allocating IMA MOK and blacklist keyrings.
[    0.923635] Key type asymmetric registered
[    0.924746] Asymmetric key parser 'x509' registered
[    0.925903] Block layer SCSI generic (bsg) driver version 0.4 loaded (major 249)
[    0.927805] io scheduler noop registered
[    0.928781] io scheduler deadline registered (default)
[    0.930004] io scheduler cfq registered
[    0.931040] pci_hotplug: PCI Hot Plug PCI Core version: 0.5
[    0.932328] pciehp: PCI Express Hot Plug Controller Driver version: 0.4
[    0.933858] ACPI: AC Adapter [AC] (on-line)
[    0.934967] input: Power Button as /devices/LNXSYSTM:00/LNXPWRBN:00/input/input0
[    0.936761] ACPI: Power Button [PWRF]
[    0.937715] input: Sleep Button as /devices/LNXSYSTM:00/LNXSLPBN:00/input/input1
[    0.939470] ACPI: Sleep Button [SLPF]
[    0.940691] GHES: HEST is not enabled!
[    0.941719] ACPI: Battery Slot [BAT0] (battery present)
[    0.943269] Serial: 8250/16550 driver, 32 ports, IRQ sharing enabled
[    0.965369] 00:02: ttyS0 at I/O 0x3f8 (irq = 4, base_baud = 115200) is a 16550A
[    0.970183] Linux agpgart interface v0.103
[    0.973269] loop: module loaded
[    0.974708] scsi host0: ata_piix
[    0.975734] scsi host1: ata_piix
[    0.976661] ata1: PATA max UDMA/33 cmd 0x1f0 ctl 0x3f6 bmdma 0xd000 irq 14
[    0.978177] ata2: PATA max UDMA/33 cmd 0x170 ctl 0x376 bmdma 0xd008 irq 15
[    0.979778] libphy: Fixed MDIO Bus: probed
[    0.980917] tun: Universal TUN/TAP device driver, 1.6
[    0.982095] tun: (C) 1999-2004 Max Krasnyansky <maxk@qualcomm.com>
[    0.983643] PPP generic driver version 2.4.2
[    0.984824] ehci_hcd: USB 2.0 'Enhanced' Host Controller (EHCI) Driver
[    0.986246] ehci-pci: EHCI PCI platform driver
[    0.987292] ehci-platform: EHCI generic platform driver
[    0.988542] ohci_hcd: USB 1.1 'Open' Host Controller (OHCI) Driver
[    0.989947] ohci-pci: OHCI PCI platform driver
[    0.991012] ohci-platform: OHCI generic platform driver
[    0.992289] uhci_hcd: USB Universal Host Controller Interface driver
[    0.993677] i8042: PNP: PS/2 Controller [PNP0303:PS2K,PNP0f03:PS2M] at 0x60,0x64 irq 1,12
[    0.995979] serio: i8042 KBD port at 0x60,0x64 irq 1
[    0.997197] serio: i8042 AUX port at 0x60,0x64 irq 12
[    0.998858] mousedev: PS/2 mouse device common for all mice
[    1.000688] input: AT Translated Set 2 keyboard as /devices/platform/i8042/serio0/input/input2
[    1.003151] rtc_cmos rtc_cmos: rtc core: registered rtc_cmos as rtc0
[    1.004708] rtc_cmos rtc_cmos: alarms up to one day, 114 bytes nvram
[    1.006122] i2c /dev entries driver
[    1.007068] device-mapper: uevent: version 1.0.3
[    1.008374] device-mapper: ioctl: 4.34.0-ioctl (2015-10-28) initialised: dm-devel@redhat.com
[    1.010302] ledtrig-cpu: registered to indicate activity on CPUs
[    1.012066] NET: Registered protocol family 10
[    1.013368] NET: Registered protocol family 17
[    1.014492] Key type dns_resolver registered
[    1.016170] registered taskstats version 1
[    1.017185] Loading compiled-in X.509 certificates
[    1.018955] Loaded X.509 cert 'Build time autogenerated kernel key: 399ad61e9457a71f6b31060684c17f14836880c9'
[    1.021647] zswap: loaded using pool lzo/zbud
[    1.024874] Key type trusted registered
[    1.029661] Key type encrypted registered
[    1.030609] AppArmor: AppArmor sha1 policy hashing enabled
[    1.032119] ima: No TPM chip found, activating TPM-bypass!
[    1.033680] ima: Allocated hash algorithm: sha1
[    1.035128] evm: HMAC attrs: 0x1
[    1.037066]   Magic number: 12:252:963
[    1.038122] rtc_cmos rtc_cmos: setting system clock to 2020-11-09 01:57:52 UTC (1604887072)
[    1.040298] BIOS EDD facility v0.16 2004-Jun-25, 0 devices found
[    1.041542] EDD information not available.
[    1.158556] Freeing unused kernel memory: 1492K
[    1.159764] Write protecting the kernel read-only data: 14336k
[    1.161629] Freeing unused kernel memory: 1588K
[    1.162901] Freeing unused kernel memory: 56K
Loading, please wait...
starting version 229
[    1.182098] random: systemd-udevd: uninitialized urandom read (16 bytes read, 2 bits of entropy available)
[    1.183325] random: udevadm: uninitialized urandom read (16 bytes read, 2 bits of entropy available)
[    1.183369] random: udevadm: uninitialized urandom read (16 bytes read, 2 bits of entropy available)
[    1.188153] random: systemd-udevd: uninitialized urandom read (16 bytes read, 2 bits of entropy available)
[    1.190259] random: systemd-udevd: uninitialized urandom read (16 bytes read, 2 bits of entropy available)
[    1.192309] random: systemd-udevd: uninitialized urandom read (16 bytes read, 2 bits of entropy available)
[    1.195447] random: systemd-udevd: uninitialized urandom read (16 bytes read, 2 bits of entropy available)
[    1.196509] random: udevadm: uninitialized urandom read (16 bytes read, 2 bits of entropy available)
[    1.196595] random: udevadm: uninitialized urandom read (16 bytes read, 2 bits of entropy available)
[    1.196841] random: udevadm: uninitialized urandom read (16 bytes read, 2 bits of entropy available)
[    1.259809] e1000: Intel(R) PRO/1000 Network Driver - version 7.3.21-k8-NAPI
[    1.261401] e1000: Copyright (c) 1999-2006 Intel Corporation.
[    1.265878] Fusion MPT base driver 3.04.20
[    1.267082] Copyright (c) 1999-2008 LSI Corporation
[    1.306965] AVX2 version of gcm_enc/dec engaged.
[    1.308366] AES CTR mode by8 optimization enabled
[    1.314629] Fusion MPT SPI Host driver 3.04.20
[    1.493759] input: ImExPS/2 Generic Explorer Mouse as /devices/platform/i8042/serio1/input/input4
[    1.635288] e1000 0000:00:03.0 eth0: (PCI:33MHz:32-bit) 02:e9:98:4f:cb:36
[    1.636886] e1000 0000:00:03.0 eth0: Intel(R) PRO/1000 Network Connection
[    1.639402] mptbase: ioc0: Initiating bringup
[    1.704170] ioc0: LSI53C1030 A0: Capabilities={Initiator}
[    1.867357] scsi host2: ioc0: LSI53C1030 A0, FwRev=00000000h, Ports=1, MaxQ=256, IRQ=20
[    1.986235] scsi 2:0:0:0: Direct-Access     VBOX     HARDDISK         1.0  PQ: 0 ANSI: 5
[    1.990753] scsi target2:0:0: Beginning Domain Validation
[    1.994242] scsi target2:0:0: Domain Validation skipping write tests
[    1.996561] scsi target2:0:0: Ending Domain Validation
[    1.998308] scsi target2:0:0: asynchronous
[    2.010544] scsi 2:0:1:0: Direct-Access     VBOX     HARDDISK         1.0  PQ: 0 ANSI: 5
[    2.012372] scsi target2:0:1: Beginning Domain Validation
[    2.014301] scsi target2:0:1: Domain Validation skipping write tests
[    2.015597] scsi target2:0:1: Ending Domain Validation
[    2.017066] scsi target2:0:1: asynchronous
[    2.033535] sd 2:0:0:0: Attached scsi generic sg0 type 0
[    2.035279] sd 2:0:0:0: [sda] 20971520 512-byte logical blocks: (10.7 GB/10.0 GiB)
[    2.038300] sd 2:0:1:0: Attached scsi generic sg1 type 0
[    2.040382] sd 2:0:0:0: [sda] Write Protect is off
[    2.041771] sd 2:0:1:0: [sdb] 20480 512-byte logical blocks: (10.5 MB/10.0 MiB)
[    2.044136] sd 2:0:1:0: [sdb] Write Protect is off
[    2.045514] sd 2:0:0:0: [sda] Incomplete mode parameter data
[    2.047113] sd 2:0:0:0: [sda] Assuming drive cache: write through
[    2.048954] sd 2:0:1:0: [sdb] Incomplete mode parameter data
[    2.050514] sd 2:0:1:0: [sdb] Assuming drive cache: write through
[    2.053660]  sda: sda1
[    2.055492] sd 2:0:0:0: [sda] Attached SCSI disk
[    2.060717] sd 2:0:1:0: [sdb] Attached SCSI disk
[    2.869553] e1000 0000:00:08.0 eth1: (PCI:33MHz:32-bit) 08:00:27:4c:dd:e5
[    2.871165] e1000 0000:00:08.0 eth1: Intel(R) PRO/1000 Network Connection
[    2.873628] e1000 0000:00:08.0 enp0s8: renamed from eth1
[    2.885684] e1000 0000:00:03.0 enp0s3: renamed from eth0
Begin: Loading essential drivers ... [    4.242198] md: linear personality registered for level -1
[    4.246027] md: multipath personality registered for level -4
[    4.250177] md: raid0 personality registered for level 0
[    4.255983] md: raid1 personality registered for level 1
[    4.327917] raid6: sse2x1   gen()  8193 MB/s
[    4.395922] raid6: sse2x1   xor()  6476 MB/s
[    4.463909] raid6: sse2x2   gen() 10365 MB/s
[    4.531911] raid6: sse2x2   xor()  6987 MB/s
[    4.599911] raid6: sse2x4   gen() 12158 MB/s
[    4.667910] raid6: sse2x4   xor()  8441 MB/s
[    4.735897] raid6: avx2x1   gen() 15563 MB/s
[    4.803914] raid6: avx2x2   gen() 18635 MB/s
[    4.871921] raid6: avx2x4   gen() 21187 MB/s
[    4.872937] raid6: using algorithm avx2x4 gen() 21187 MB/s
[    4.874174] raid6: using avx2x2 recovery algorithm
[    4.876479] xor: automatically using best checksumming function:
[    4.915907]    avx       : 22028.000 MB/sec
[    4.918613] async_tx: api initialized (async)
[    4.931155] md: raid6 personality registered for level 6
[    4.932608] md: raid5 personality registered for level 5
[    4.933976] md: raid4 personality registered for level 4
[    4.943592] md: raid10 personality registered for level 10
done.
Begin: Running /scripts/init-premount ... done.
Begin: Mounting root file system ... Begin: Running /scripts/local-top ... done.
Begin: Running /scripts/local-premount ... [    4.981173] Btrfs loaded
Scanning for Btrfs filesystems
done.
Warning: fsck not present, so skipping root file system
[    5.052131] EXT4-fs (sda1): mounted filesystem with ordered data mode. Opts: (null)
done.
Begin: Running /scripts/local-bottom ... done.
Begin: Running /scripts/init-bottom ... done.
[    5.390386] systemd[1]: systemd 229 running in system mode. (+PAM +AUDIT +SELINUX +IMA +APPARMOR +SMACK +SYSVINIT +UTMP +LIBCRYPTSETUP +GCRYPT +GNUTLS +ACL +XZ -LZ4 +SECCOMP +BLKID +ELFUTILS +KMOD -IDN)
[    5.394355] systemd[1]: Detected virtualization oracle.
[    5.395578] systemd[1]: Detected architecture x86-64.

Welcome to [1mUbuntu 16.04.7 LTS[0m!

[    5.411006] systemd[1]: Set hostname to <ubuntu>.
[    5.423008] systemd[1]: Initializing machine ID from random generator.
[    5.425591] systemd[1]: Installed transient /etc/machine-id file.
[    5.982183] systemd[1]: Created slice User and Session Slice.
[[0;32m  OK  [0m] Created slice User and Session Slice.
[    5.987325] systemd[1]: Reached target System Time Synchronized.
[[0;32m  OK  [0m] Reached target System Time Synchronized.
[    5.989967] systemd[1]: Reached target Swap.
[[0;32m  OK  [0m] Reached target Swap.
[    5.992319] systemd[1]: Listening on Device-mapper event daemon FIFOs.
[[0;32m  OK  [0m] Listening on Device-mapper event daemon FIFOs.
[    5.994993] systemd[1]: Started Forward Password Requests to Wall Directory Watch.
[[0;32m  OK  [0m] Started Forward Password Requests to Wall Directory Watch.
[    5.998323] systemd[1]: Listening on udev Control Socket.
[[0;32m  OK  [0m] Listening on udev Control Socket.
[    6.000690] systemd[1]: Listening on Journal Socket.
[[0;32m  OK  [0m] Listening on Journal Socket.
[    6.002924] systemd[1]: Listening on Journal Audit Socket.
[[0;32m  OK  [0m] Listening on Journal Audit Socket.
[    6.005429] systemd[1]: Reached target Encrypted Volumes.
[[0;32m  OK  [0m] Reached target Encrypted Volumes.
[    6.008107] systemd[1]: Listening on Journal Socket (/dev/log).
[[0;32m  OK  [0m] Listening on Journal Socket (/dev/log).
[    6.010891] systemd[1]: Set up automount Arbitrary Executable File Formats File System Automount Point.
[[0;32m  OK  [0m] Set up automount Arbitrary Executab...ats File System Automount Point.
[    6.020163] systemd[1]: Listening on LVM2 poll daemon socket.
[[0;32m  OK  [0m] Listening on LVM2 poll daemon socket.
[    6.023111] systemd[1]: Listening on Syslog Socket.
[[0;32m  OK  [0m] Listening on Syslog Socket.
[    6.026364] systemd[1]: Created slice System Slice.
[[0;32m  OK  [0m] Created slice System Slice.
[    6.040209] systemd[1]: Starting Journal Service...
         Starting Journal Service...
[    6.045247] systemd[1]: Starting Uncomplicated firewall...
         Starting Uncomplicated firewall...
[    6.050096] systemd[1]: Mounting POSIX Message Queue File System...
         Mounting POSIX Message Queue File System...
[    6.053164] systemd[1]: Created slice system-serial\x2dgetty.slice.
[[0;32m  OK  [0m] Created slice system-serial\x2dgetty.slice.
[    6.056766] systemd[1]: Starting Create list of required static device nodes for the current kernel...
         Starting Create list of required st... nodes for the current kernel...
[    6.061894] systemd[1]: Mounting Debug File System...
         Mounting Debug File System...
[    6.065470] systemd[1]: Starting Remount Root and Kernel File Systems...
         Starting Remount Root and Kernel File Systems...
[    6.071575] systemd[1]: Starting Set console keymap...
         Starting Set console keymap...
[    6.076167] systemd[1]: Starting Nameserver information manager...
         Starting Nameserver information manager...
[    6.083151] EXT4-fs (sda1): re-mounted. Opts: (null)
[    6.093247] systemd[1]: Starting Load Kernel Modules...
         Starting Load Kernel Modules...
[    6.095984] systemd[1]: Listening on LVM2 metadata daemon socket.
[[0;32m  OK  [0m] Listening on LVM2 metadata daemon socket.
[    6.100317] systemd[1]: Starting Monitoring of LVM2 mirrors, snapshots etc. using dmeventd or progress polling...
         Starting Monitoring of LVM2 mirrors... dmeventd or progress polling...
[    6.105253] systemd[1]: Started Trigger resolvconf update for networkd DNS.
[[0;32m  OK  [0m] Started Trigger resolvconf update for networkd DNS.
[    6.111130] systemd[1]: Mounting Huge Pages File System...
         Mounting Huge Pages File System...
[    6.113574] systemd[1]: Listening on /dev/initctl Compatibility Named Pipe.
[[0;32m  OK  [0m] Listening on /dev/initctl Compatibility Named Pipe.
[    6.119519] systemd[1]: Reached target Slices.
[[0;32m  OK  [0m] Reached target Slices.
[    6.125616] systemd[1]: Listening on udev Kernel Socket.
[[0;32m  OK  [0m] Listening on udev Kernel Socket.
[    6.129275] systemd[1]: Reached target User and Group Name Lookups.
[[0;32m  OK  [0m] Reached target User and Group Name Lookups.
[    6.135302] systemd[1]: Mounted POSIX Message Queue File System.
[[0;32m  OK  [0m] Mounted POSIX Message Queue File System.
[    6.138275] systemd[1]: Mounted Huge Pages File System.
[[0;32m  OK  [0m] Mounted Huge Pages File System.
[    6.140819] systemd[1]: Mounted Debug File System.
[[0;32m  OK  [0m] Mounted Debug File System.
[    6.143870] systemd[1]: Started Uncomplicated firewall.
[[0;32m  OK  [0m] Started Uncomplicated firewall.
[    6.148450] Loading iSCSI transport class v2.0-870.
[    6.148976] systemd[1]: Started Create list of required static device nodes for the current kernel.
[[0;32m  OK  [0m] Started Create list of required sta...ce nodes for the current kernel.
[    6.158984] systemd[1]: Started Remount Root and Kernel File Systems.
[[0;32m  OK  [0m] Started Remount Root and Kernel File Systems.
[    6.186623] systemd[1]: Started Journal Service.
[    6.189419] iscsi: registered transport (tcp)
[[0;32m  OK  [0m] Started Journal Service.
[[0;32m  OK  [0m] Started Set console keymap.
[[0;32m  OK  [0m] Started Nameserver information manager.
[[0;32m  OK  [0m] Started LVM2 metadata daemon.
         Starting Load/Save Random Seed...
         Starting udev Coldplug all Devices...
         Starting Flush Journal to Persistent Storage...
         Starting Create Static Device Nodes in /dev...
[[0;32m  OK  [0m] Started Load/Save Random Seed.
[    6.252095] systemd-journald[367]: Received request to flush runtime journal from PID 1
[[0;32m  OK  [0m] Started Flush Journal to Persistent Storage.
[    6.279048] iscsi: registered transport (iser)
[[0;32m  OK  [0m] Started Load Kernel Modules.
         Starting Apply Kernel Variables...
         Mounting FUSE Control File System...
[[0;32m  OK  [0m] Mounted FUSE Control File System.
[[0;32m  OK  [0m] Started udev Coldplug all Devices.
[[0;32m  OK  [0m] Started Apply Kernel Variables.
[[0;32m  OK  [0m] Started Create Static Device Nodes in /dev.
         Starting udev Kernel Device Manager...
[[0;32m  OK  [0m] Started udev Kernel Device Manager.
[[0;32m  OK  [0m] Started Dispatch Password Requests to Console Directory Watch.
[[0;32m  OK  [0m] Found device /dev/ttyS0.
[[0;32m  OK  [0m] Started Monitoring of LVM2 mirrors,...ng dmeventd or progress polling.
[[0;32m  OK  [0m] Reached target Local File Systems (Pre).
[[0;32m  OK  [0m] Reached target Local File Systems.
         Starting Commit a transient machine-id on disk...
         Starting Initial cloud-init job (pre-networking)...
         Starting Set console font and keymap...
         Starting LSB: AppArmor initialization...
         Starting Create Volatile Files and Directories...
         Starting Tell Plymouth To Write Out Runtime Data...
[[0;32m  OK  [0m] Listening on Load/Save RF Kill Switch Status /dev/rfkill Watch.
[[0;32m  OK  [0m] Started Create Volatile Files and Directories.
         Starting Update UTMP about System Boot/Shutdown...
[[0;32m  OK  [0m] Started Commit a transient machine-id on disk.
[[0;32m  OK  [0m] Started Tell Plymouth To Write Out Runtime Data.
[[0;32m  OK  [0m] Started Update UTMP about System Boot/Shutdown.
[[0;32m  OK  [0m] Started Set console font and keymap.
[[0;32m  OK  [0m] Created slice system-getty.slice.
[[0;32m  OK  [0m] Started LSB: AppArmor initialization.
         Starting Load AppArmor profiles managed internally by snapd...
[[0;32m  OK  [0m] Started Load AppArmor profiles managed internally by snapd.
[    8.423331] cloud-init[507]: Cloud-init v. 20.3-2-g371b392c-0ubuntu1~16.04.1 running 'init-local' at Mon, 09 Nov 2020 01:57:59 +0000. Up 8.02 seconds.
[[0;32m  OK  [0m] Started Initial cloud-init job (pre-networking).
[[0;32m  OK  [0m] Reached target Network (Pre).
         Starting Raise network interfaces...
[[0;32m  OK  [0m] Started Raise network interfaces.
         Starting Initial cloud-init job (metadata service crawler)...
[[0;32m  OK  [0m] Reached target Network.
[   10.176011] cloud-init[963]: Cloud-init v. 20.3-2-g371b392c-0ubuntu1~16.04.1 running 'init' at Mon, 09 Nov 2020 01:58:00 +0000. Up 9.07 seconds.
[   10.178873] cloud-init[963]: ci-info: ++++++++++++++++++++++++++++++++++++++Net device info+++++++++++++++++++++++++++++++++++++++
[   10.181266] cloud-init[963]: ci-info: +--------+-------+----------------------------+---------------+--------+-------------------+
[   10.183425] cloud-init[963]: ci-info: | Device |   Up  |          Address           |      Mask     | Scope  |     Hw-Address    |
[   10.185597] cloud-init[963]: ci-info: +--------+-------+----------------------------+---------------+--------+-------------------+
[   10.200442] cloud-init[963]: ci-info: | enp0s3 |  True |         10.0.2.15          | 255.255.255.0 | global | 02:e9:98:4f:cb:36 |
[   10.202440] cloud-init[963]: ci-info: | enp0s3 |  True | fe80::e9:98ff:fe4f:cb36/64 |       .       |  link  | 02:e9:98:4f:cb:36 |
[   10.204361] cloud-init[963]: ci-info: | enp0s8 | False |             .              |       .       |   .    | 08:00:27:4c:dd:e5 |
[   10.206723] cloud-init[963]: ci-info: |   lo   |  True |         127.0.0.1          |   255.0.0.0   |  host  |         .         |
[   10.209280] cloud-init[963]: ci-info: |   lo   |  True |          ::1/128           |       .       |  host  |         .         |
[   10.211592] cloud-init[963]: ci-info: +--------+-------+----------------------------+---------------+--------+-------------------+
[   10.228436] cloud-init[963]: ci-info: +++++++++++++++++++++++++++Route IPv4 info++++++++++++++++++++++++++++
[   10.229997] cloud-init[963]: ci-info: +-------+-------------+----------+---------------+-----------+-------+
[   10.231469] cloud-init[963]: ci-info: | Route | Destination | Gateway  |    Genmask    | Interface | Flags |
[   10.233224] cloud-init[963]: ci-info: +-------+-------------+----------+---------------+-----------+-------+
[   10.235346] cloud-init[963]: ci-info: |   0   |   0.0.0.0   | 10.0.2.2 |    0.0.0.0    |   enp0s3  |   UG  |
[   10.237553] cloud-init[963]: ci-info: |   1   |   10.0.2.0  | 0.0.0.0  | 255.255.255.0 |   enp0s3  |   U   |
[   10.239807] cloud-init[963]: ci-info: +-------+-------------+----------+---------------+-----------+-------+
[   10.241611] cloud-init[963]: ci-info: +++++++++++++++++++Route IPv6 info+++++++++++++++++++
[   10.243735] cloud-init[963]: ci-info: +-------+-------------+---------+-----------+-------+
[   10.245301] cloud-init[963]: ci-info: | Route | Destination | Gateway | Interface | Flags |
[   10.247218] cloud-init[963]: ci-info: +-------+-------------+---------+-----------+-------+
[   10.250404] cloud-init[963]: ci-info: |   0   |  fe80::/64  |    ::   |   enp0s3  |   U   |
[   10.253794] [[0;32m  OK  [0m] Started Initial cloud-init job (metadata service crawler).
[[0;32m  OK  [0m] Reached target Network is Online.
cloud-init[963]: ci-info: |   3   |   ff00::/8  |    ::   |   enp0s3  |   U   |
[   10.257949] cloud-init[963]: ci-info: +-------+-------------+---------+-----------+-------+
[   10.259883] cloud-init[963]: Generating public/private rsa key pair.
[   10.261554] cloud-init[963]: Your identification has been saved in /etc/ssh/ssh_host_rsa_key.
[   10.263484] cloud-init[963]: Your public key has been saved in /etc/ssh/ssh_host_rsa_key.pub.
[   10.265995] cloud-init[963]: The key fingerprint is:
[   10.267223] cloud-init[963]: SHA256:SYEXorpSbIuZJ4Ty7yjLIooMup5yQ2rqRFZU8rGD8KE root@ubuntu-xenial
[   10.269232] cloud-init[963]: The key's randomart image is:
[   10.270619] cloud-init[963]: +---[RSA 2048]----+
[   10.271872]          Starting iSCSI initiator daemon (iscsid)...
[[0;32m  OK  [0m] Reached target Cloud-config availability.
[[0;32m  OK  [0m] Reached target System Initialization.
[[0;32m  OK  [0m] Started Daily Cleanup of Temporary Directories.
cloud-init[963]: | . +.o..o.       |
[   10.276679] cloud-init[963]: |  = =.+...       |
[   10.278024] [[0;32m  OK  [0m] Started ACPI Events Check.
[[0;32m  OK  [0m] Reached target Paths.
cloud-init[963]: | E +.+ ..        |
[   10.281534] cloud-init[963]: |....  .. .       |
[   10.282804] cloud-init[963]: |o+=     S        |
[   10.284014] cloud-init[963]: |=B.o             |
[   10.285443] [[0;32m  OK  [0m] Started Daily apt download activities.
[[0;32m  OK  [0m] Listening on UUID daemon activation socket.
[[0;32m  OK  [0m] Started Message of the Day.
[[0;32m  OK  [0m] Started Daily apt upgrade and clean activities.
         Starting Socket activation for snappy daemon.
[[0;32m  OK  [0m] Reached target Timers.
[[0;32m  OK  [0m] Listening on D-Bus System Message Bus Socket.
[[0;32m  OK  [0m] Listening on ACPID Listen Socket.
cloud-init[963]: |B+=              |
[   10.295777] cloud-init[963]: |&=+o             |
[   10.297590] cloud-init[963]: |^@.oo            |
[   10.301452] cloud-init[963]: +----[SHA256]-----+
[   10.302785] cloud-init[963]: Generating public/private dsa key pair.
         Starting LXD - unix socket.
[[0;32m  OK  [0m] Listening on Socket activation for snappy daemon.
[[0;32m  OK  [0m] Listening on LXD - unix socket.
[[0;32m  OK  [0m] Reached target Sockets.
[[0;32m  OK  [0m] Reached target Basic System.
[   10.308266] cloud-init[963]: Your identification has been saved in /etc/ssh/ssh_host_dsa_key.
[   10.324363] cloud-init[963]: Your public key has been saved in /etc/ssh/ssh_host_dsa_key.pub.
[   10.326025] cloud-init[963]: The key fingerprint is:
[   10.332335] cloud-init[963]: SHA256:Br4QeogjySkdUNBzyOVS5J87oD/v2obComoz652HC9A root@ubuntu-xenial
[   10.333977] cloud-init[963]: The key's randomart image is:
         Starting System Logging Service...
[   10.343722] cloud-init[963]: +---[DSA 1024]----+
[[0;32m  OK  [0m] Started Regular background program processing daemon.
[   10.347378]          Starting LSB: Record successful boot for GRUB...
cloud-init[963]: |o=.++            |
[   10.350289]          Starting /etc/rc.local Compatibility...
cloud-init[963]: | .=+.            |
[   10.353967] [[0;32m  OK  [0m] Started FUSE filesystem for LXC.
[[0;32m  OK  [0m] Started Deferred execution scheduler.
cloud-init[963]: |  oo+ .          |
         Starting Virtualbox guest utils...
[[0;32m  OK  [0m] Started ACPI event daemon.
         Starting LSB: MD monitoring daemon...
[[0;32m  OK  [0m] Started D-Bus System Message Bus.
[   10.362124] cloud-init[963]: |.=.= + o         |
[   10.379397] cloud-init[963]: |BoE + + S        |
[   10.381441] cloud-init[963]: |+. o o +         |
[   10.384626] cloud-init[963]: | o. ..+          |
[   10.385989] cloud-init[963]: |.+=o+o..         |
[   10.388283] cloud-init[963]: |B++==*+          |
[   10.389277] cloud-init[963]: +----[SHA256]-----+
[   10.390397] cloud-init[963]: Generating public/private ecdsa key pair.
[   10.393731] cloud-init[963]: Your identification has been saved in /etc/ssh/ssh_host_ecdsa_key.
[   10.395772] cloud-init[963]: Your public key has been saved in /etc/ssh/ssh_host_ecdsa_key.pub.
[   10.398034] cloud-init[963]: The key fingerprint is:
[   10.399297] cloud-init[963]: SHA256:wKw3bub3jX3E3C1st+eNtZIQpkCeUOaYn0GDpM1Oupo root@ubuntu-xenial
[   10.408491] cloud-init[963]: The key's randomart image is:
[   10.409807] cloud-init[963]: +---[ECDSA 256]---+
[   10.416345] cloud-init[963]: |    ..o=         |
[   10.417657] cloud-init[963]: |    +=*..        |
[   10.418773] cloud-init[963]: |   . *Bo.        |
[   10.419775] cloud-init[963]: |    +..=o  o     |
[   10.420863] cloud-init[963]: |   ...ooS o .+ ..|
[   10.422482] cloud-init[963]: |    .o . . .  B +|
[   10.424557] cloud-init[963]: |   .  +     .o.oo|
[   10.427006] cloud-init[963]: |  o  +  .  + o.++|
[   10.428186] cloud-init[963]: | E    .. .o o.oo+|
[   10.429329] cloud-init[963]: +----[SHA256]-----+
[   10.430799] cloud-init[963]: Generating public/private ed25519 key pair.
[   10.432716] cloud-init[963]: Your identification has been saved in /etc/ssh/ssh_host_ed25519_key.
[   10.434839] cloud-init[963]: Your public key has been saved in /etc/ssh/ssh_host_ed25519_key.pub.
[   10.436781] cloud-init[963]: The key fingerprint is:
[   10.438335] cloud-init[963]: SHA256:dCkwMLytKh+qj9kzKd/+HzLtviPuTaz4d1+XF7naVTI root@ubuntu-xenial
[   10.442946]          Starting Login Service...
cloud-init[963]: The key's randomart image is:
[   10.451183] cloud-init[963]: +--[ED25519 256]--+
[   10.453569] cloud-init[963]: |   .o.o          |
         Starting LXD - container startup/shutdown...
[   10.464276] cloud-init[963]: |    .. o   .     |
[   10.467279] cloud-init[963]: |     o  o o      |
         Starting Accounts Service...
[   10.470611] cloud-init[963]: |    . .. o      .|
         Starting Pollinate to seed the pseudo random number generator...
[   10.480737] cloud-init[963]: |     .  S     Eo.|
         Starting Snap Daemon...
[   10.489113] cloud-init[963]: |    .  o       o=|
[[0;32m  OK  [0m] Started System Logging Service.
[   10.491986] cloud-init[963]: |  .o  o =     .o+|
[   10.495392] cloud-init[963]: |o==o ..Bo..  .o.o|
[   10.496753] [cloud-init[0;32m  OK  [0m[963]: ] |**=++=*=*+ ... . |Started /etc/rc.local Compatibility.
[   10.499328] cloud-init[963]: +----[SHA256]-----+

[[0;32m  OK  [0m] Started iSCSI initiator daemon (iscsid).
[[0;32m  OK  [0m] Started Login Service.
[[0;32m  OK  [0m] Started Unattended Upgrades Shutdown.
         Starting Login to default iSCSI targets...
[[0;32m  OK  [0m] Started LSB: Record successful boot for GRUB.
[[0;32m  OK  [0m] Started LSB: MD monitoring daemon.
[[0;32m  OK  [0m] Started Login to default iSCSI targets.
[[0;32m  OK  [0m] Reached target Remote File Systems (Pre).
[[0;32m  OK  [0m] Reached target Remote File Systems.
         Starting LSB: automatic crash report generation...
         Starting LSB: Set the CPU Frequency Scaling governor to "ondemand"...
         Starting LSB: daemon to balance interrupts for SMP systems...
         Starting Permit User Sessions...
[[0;32m  OK  [0m] Started Permit User Sessions.
         Starting Terminate Plymouth Boot Screen...
         Starting Hold until boot process finishes up...
         Starting Authenticate and Authorize Users to Run Privileged Tasks...
[[0;32m  OK  [0m] Started Terminate Plymouth Boot Screen.
[[0;32m  OK  [0m] Started Hold until boot process finishes up.
[[0;32m  OK  [0m] Started Getty on tty1.
         Starting Set console scheme...
[[0;32m  OK  [0m] Started Serial Getty on ttyS0.
[[0;32m  OK  [0m] Reached target Login Prompts.
[[0;32m  OK  [0m] Started LSB: Set the CPU Frequency Scaling governor to "ondemand".
[[0;32m  OK  [0m] Started Set console scheme.
[[0;32m  OK  [0m] Started LSB: automatic crash report generation.
[[0;32m  OK  [0m] Started LSB: daemon to balance interrupts for SMP systems.
[[0;32m  OK  [0m] Started Virtualbox guest utils.
[[0;32m  OK  [0m] Started Authenticate and Authorize Users to Run Privileged Tasks.
[[0;32m  OK  [0m] Started Accounts Service.
[[0;32m  OK  [0m] Started LXD - container startup/shutdown.
[[0;32m  OK  [0m] Started Snap Daemon.
         Starting Wait until snapd is fully seeded...
[[0;32m  OK  [0m] Started Pollinate to seed the pseudo random number generator.
         Starting OpenBSD Secure Shell server...
[[0;32m  OK  [0m] Started OpenBSD Secure Shell server.
[[0;32m  OK  [0m] Created slice User Slice of vagrant.
         Starting User Manager for UID 1000...
[[0;32m  OK  [0m] Started Session 1 of user vagrant.
[[0;32m  OK  [0m] Started User Manager for UID 1000.
         Stopping User Manager for UID 1000...
[[0;32m  OK  [0m] Created slice User Slice of vagrant.
[[0;32m  OK  [0m] Started Session 2 of user vagrant.
         Starting User Manager for UID 1000...
[[0;32m  OK  [0m] Started User Manager for UID 1000.
[[0;32m  OK  [0m] Started Wait until snapd is fully seeded.
         Starting Apply the settings specified in cloud-config...
[[0;32m  OK  [0m] Reached target Multi-User System.
[[0;32m  OK  [0m] Reached target Graphical Interface.
         Starting Update UTMP about System Runlevel Changes...
[[0;32m  OK  [0m] Started Update UTMP about System Runlevel Changes.
[   15.190332] cloud-init[1547]: Generating locales (this might take a while)...
[   16.241132] cloud-init[1547]:   en_US.UTF-8... done
[   16.241456] cloud-init[1547]: Generation complete.

Ubuntu 16.04.7 LTS ubuntu-xenial ttyS0

ubuntu-xenial login: [   16.888678] cloud-init[1547]: Cloud-init v. 20.3-2-g371b392c-0ubuntu1~16.04.1 running 'modules:config' at Mon, 09 Nov 2020 01:58:06 +0000. Up 15.03 seconds.
ci-info: no authorized SSH keys fingerprints found for user ubuntu.
<14>Nov  9 01:58:09 ec2: 
<14>Nov  9 01:58:09 ec2: #############################################################
<14>Nov  9 01:58:09 ec2: -----BEGIN SSH HOST KEY FINGERPRINTS-----
<14>Nov  9 01:58:09 ec2: 1024 SHA256:Br4QeogjySkdUNBzyOVS5J87oD/v2obComoz652HC9A root@ubuntu-xenial (DSA)
<14>Nov  9 01:58:09 ec2: 256 SHA256:wKw3bub3jX3E3C1st+eNtZIQpkCeUOaYn0GDpM1Oupo root@ubuntu-xenial (ECDSA)
<14>Nov  9 01:58:09 ec2: 256 SHA256:dCkwMLytKh+qj9kzKd/+HzLtviPuTaz4d1+XF7naVTI root@ubuntu-xenial (ED25519)
<14>Nov  9 01:58:09 ec2: 2048 SHA256:SYEXorpSbIuZJ4Ty7yjLIooMup5yQ2rqRFZU8rGD8KE root@ubuntu-xenial (RSA)
<14>Nov  9 01:58:09 ec2: -----END SSH HOST KEY FINGERPRINTS-----
<14>Nov  9 01:58:09 ec2: #############################################################
-----BEGIN SSH HOST KEY KEYS-----
ecdsa-sha2-nistp256 AAAAE2VjZHNhLXNoYTItbmlzdHAyNTYAAAAIbmlzdHAyNTYAAABBBGRUCIUu0KF4nD6YHzE8gDWjEnE8MXfkTVOyQ5jxoPUkY/0hzBVbvQtHHCq2scR5P0uumKgsrED6zw5kiTdFiBI= root@ubuntu-xenial
ssh-ed25519 AAAAC3NzaC1lZDI1NTE5AAAAIDpSwfNvflCuv1kWBUTXJYbi44v/IrBKPoK6UJj/6WtD root@ubuntu-xenial
ssh-rsa AAAAB3NzaC1yc2EAAAADAQABAAABAQClvg2qBDDVKi/bgdBpKB9+Slmmu+TTCCskcLHgXoQLmWEJiB4pRRXxaQ+rm9EV1SqiJoimdfGigDqInqF97NUqgbc6ZBXycqVBjB86F+5DsbTfYgoImoikJcmoXZ+wPncp3TDj+Bn1JeCyFcxFTmCKnoklYqXTWs7vR1PbuRKL9y/SRjQN5YnB/f6MpzyHHP+xD1H0xTBS84OXD0nwv8cDStmhN5a4pQTvyoXRl//RzzRKTSZn2C3q2iraU6d3GjtRoN0cLfBZTqCYVeKuFwpvFn46Vdsp4ia7UjrmfcndgTwPNYt6VbLCWI+H0K/xAI07OiwSe51d3eEKeTi3smMP root@ubuntu-xenial
-----END SSH HOST KEY KEYS-----
[   17.568986] cloud-init[1763]: Cloud-init v. 20.3-2-g371b392c-0ubuntu1~16.04.1 running 'modules:final' at Mon, 09 Nov 2020 01:58:09 +0000. Up 17.34 seconds.
[   17.571219] cloud-init[1763]: ci-info: no authorized SSH keys fingerprints found for user ubuntu.
[   17.572945] cloud-init[1763]: Cloud-init v. 20.3-2-g371b392c-0ubuntu1~16.04.1 finished at Mon, 09 Nov 2020 01:58:09 +0000. Datasource DataSourceNoCloud [seed=/dev/sdb][dsmode=net].  Up 17.56 seconds
